INFO 2025-12-22 00:27:46,159 autoreload 14632 1292 Watching for file changes with StatReloader
INFO 2025-12-22 00:30:26,694 autoreload 14632 1292 C:\Users\thyag\codigofontes\sementes\sementes\settings.py changed, reloading.
INFO 2025-12-22 00:30:28,571 autoreload 18028 13948 Watching for file changes with StatReloader
INFO 2025-12-22 00:32:05,708 autoreload 18028 13948 C:\Users\thyag\codigofontes\sementes\sementes\settings.py changed, reloading.
INFO 2025-12-22 00:32:08,366 autoreload 6824 12632 Watching for file changes with StatReloader
INFO 2025-12-22 00:32:31,434 autoreload 16756 19444 Watching for file changes with StatReloader
INFO 2025-12-22 00:32:55,169 autoreload 16756 19444 C:\Users\thyag\codigofontes\sementes\sementes\settings.py changed, reloading.
INFO 2025-12-22 00:32:56,908 autoreload 13828 17448 Watching for file changes with StatReloader
INFO 2025-12-22 00:33:13,485 autoreload 16000 10440 Watching for file changes with StatReloader
INFO 2025-12-22 20:04:57,522 autoreload 17736 15328 Watching for file changes with StatReloader
INFO 2025-12-22 20:07:20,878 autoreload 17336 13448 Watching for file changes with StatReloader
INFO 2025-12-22 20:17:01,105 autoreload 17336 13448 C:\Users\thyag\codigofontes\sementes\sementes\settings.py changed, reloading.
INFO 2025-12-22 20:17:03,033 autoreload 17224 10280 Watching for file changes with StatReloader
ERROR 2025-12-22 20:17:25,512 log 17224 9796 Internal Server Error: /
Traceback (most recent call last):
  File "C:\Users\thyag\codigofontes\sementes\venv\Lib\site-packages\django\contrib\sessions\backends\base.py", line 244, in _get_session
    return self._session_cache
           ^^^^^^^^^^^^^^^^^^^
AttributeError: 'SessionStore' object has no attribute '_session_cache'

During handling of the above exception, another exception occurred:

Traceback (most recent call last):
  File "C:\Users\thyag\codigofontes\sementes\venv\Lib\site-packages\django\db\backends\utils.py", line 105, in _execute
    return self.cursor.execute(sql, params)
           ^^^^^^^^^^^^^^^^^^^^^^^^^^^^^^^^
psycopg2.errors.UndefinedTable: ERRO:  relação "django_session" não existe
LINE 1: ...ession_data", "django_session"."expire_date" FROM "django_se...
                                                             ^


The above exception was the direct cause of the following exception:

Traceback (most recent call last):
  File "C:\Users\thyag\codigofontes\sementes\venv\Lib\site-packages\django\core\handlers\exception.py", line 55, in inner
    response = get_response(request)
               ^^^^^^^^^^^^^^^^^^^^^
  File "C:\Users\thyag\codigofontes\sementes\sapp\middleware.py", line 16, in __call__
    if request.user.is_authenticated:
       ^^^^^^^^^^^^^^^^^^^^^^^^^^^^^
  File "C:\Users\thyag\codigofontes\sementes\venv\Lib\site-packages\django\utils\functional.py", line 251, in inner
    self._setup()
  File "C:\Users\thyag\codigofontes\sementes\venv\Lib\site-packages\django\utils\functional.py", line 404, in _setup
    self._wrapped = self._setupfunc()
                    ^^^^^^^^^^^^^^^^^
  File "C:\Users\thyag\codigofontes\sementes\venv\Lib\site-packages\django\contrib\auth\middleware.py", line 39, in <lambda>
    request.user = SimpleLazyObject(lambda: get_user(request))
                                            ^^^^^^^^^^^^^^^^^
  File "C:\Users\thyag\codigofontes\sementes\venv\Lib\site-packages\django\contrib\auth\middleware.py", line 19, in get_user
    request._cached_user = auth.get_user(request)
                           ^^^^^^^^^^^^^^^^^^^^^^
  File "C:\Users\thyag\codigofontes\sementes\venv\Lib\site-packages\django\contrib\auth\__init__.py", line 304, in get_user
    user_id = _get_user_session_key(request)
              ^^^^^^^^^^^^^^^^^^^^^^^^^^^^^^
  File "C:\Users\thyag\codigofontes\sementes\venv\Lib\site-packages\django\contrib\auth\__init__.py", line 95, in _get_user_session_key
    return get_user_model()._meta.pk.to_python(request.session[SESSION_KEY])
                                               ~~~~~~~~~~~~~~~^^^^^^^^^^^^^
  File "C:\Users\thyag\codigofontes\sementes\venv\Lib\site-packages\django\contrib\sessions\backends\base.py", line 55, in __getitem__
    return self._session[key]
           ^^^^^^^^^^^^^
  File "C:\Users\thyag\codigofontes\sementes\venv\Lib\site-packages\django\contrib\sessions\backends\base.py", line 249, in _get_session
    self._session_cache = self.load()
                          ^^^^^^^^^^^
  File "C:\Users\thyag\codigofontes\sementes\venv\Lib\site-packages\django\contrib\sessions\backends\db.py", line 55, in load
    s = self._get_session_from_db()
        ^^^^^^^^^^^^^^^^^^^^^^^^^^^
  File "C:\Users\thyag\codigofontes\sementes\venv\Lib\site-packages\django\contrib\sessions\backends\db.py", line 34, in _get_session_from_db
    return self.model.objects.get(
           ^^^^^^^^^^^^^^^^^^^^^^^
  File "C:\Users\thyag\codigofontes\sementes\venv\Lib\site-packages\django\db\models\manager.py", line 87, in manager_method
    return getattr(self.get_queryset(), name)(*args, **kwargs)
           ^^^^^^^^^^^^^^^^^^^^^^^^^^^^^^^^^^^^^^^^^^^^^^^^^^^
  File "C:\Users\thyag\codigofontes\sementes\venv\Lib\site-packages\django\db\models\query.py", line 629, in get
    num = len(clone)
          ^^^^^^^^^^
  File "C:\Users\thyag\codigofontes\sementes\venv\Lib\site-packages\django\db\models\query.py", line 366, in __len__
    self._fetch_all()
  File "C:\Users\thyag\codigofontes\sementes\venv\Lib\site-packages\django\db\models\query.py", line 1935, in _fetch_all
    self._result_cache = list(self._iterable_class(self))
                         ^^^^^^^^^^^^^^^^^^^^^^^^^^^^^^^^
  File "C:\Users\thyag\codigofontes\sementes\venv\Lib\site-packages\django\db\models\query.py", line 91, in __iter__
    results = compiler.execute_sql(
              ^^^^^^^^^^^^^^^^^^^^^
  File "C:\Users\thyag\codigofontes\sementes\venv\Lib\site-packages\django\db\models\sql\compiler.py", line 1622, in execute_sql
    cursor.execute(sql, params)
  File "C:\Users\thyag\codigofontes\sementes\venv\Lib\site-packages\django\db\backends\utils.py", line 122, in execute
    return super().execute(sql, params)
           ^^^^^^^^^^^^^^^^^^^^^^^^^^^^
  File "C:\Users\thyag\codigofontes\sementes\venv\Lib\site-packages\django\db\backends\utils.py", line 79, in execute
    return self._execute_with_wrappers(
           ^^^^^^^^^^^^^^^^^^^^^^^^^^^^
  File "C:\Users\thyag\codigofontes\sementes\venv\Lib\site-packages\django\db\backends\utils.py", line 92, in _execute_with_wrappers
    return executor(sql, params, many, context)
           ^^^^^^^^^^^^^^^^^^^^^^^^^^^^^^^^^^^^
  File "C:\Users\thyag\codigofontes\sementes\venv\Lib\site-packages\django\db\backends\utils.py", line 100, in _execute
    with self.db.wrap_database_errors:
         ^^^^^^^^^^^^^^^^^^^^^^^^^^^^
  File "C:\Users\thyag\codigofontes\sementes\venv\Lib\site-packages\django\db\utils.py", line 91, in __exit__
    raise dj_exc_value.with_traceback(traceback) from exc_value
  File "C:\Users\thyag\codigofontes\sementes\venv\Lib\site-packages\django\db\backends\utils.py", line 105, in _execute
    return self.cursor.execute(sql, params)
           ^^^^^^^^^^^^^^^^^^^^^^^^^^^^^^^^
django.db.utils.ProgrammingError: ERRO:  relação "django_session" não existe
LINE 1: ...ession_data", "django_session"."expire_date" FROM "django_se...
                                                             ^

ERROR 2025-12-22 20:17:25,750 log 17224 9796 Internal Server Error: /
Traceback (most recent call last):
  File "C:\Users\thyag\codigofontes\sementes\venv\Lib\site-packages\django\contrib\sessions\backends\base.py", line 244, in _get_session
    return self._session_cache
           ^^^^^^^^^^^^^^^^^^^
AttributeError: 'SessionStore' object has no attribute '_session_cache'

During handling of the above exception, another exception occurred:

Traceback (most recent call last):
  File "C:\Users\thyag\codigofontes\sementes\venv\Lib\site-packages\django\db\backends\utils.py", line 105, in _execute
    return self.cursor.execute(sql, params)
           ^^^^^^^^^^^^^^^^^^^^^^^^^^^^^^^^
psycopg2.errors.UndefinedTable: ERRO:  relação "django_session" não existe
LINE 1: ...ession_data", "django_session"."expire_date" FROM "django_se...
                                                             ^


The above exception was the direct cause of the following exception:

Traceback (most recent call last):
  File "C:\Users\thyag\codigofontes\sementes\venv\Lib\site-packages\django\core\handlers\exception.py", line 55, in inner
    response = get_response(request)
               ^^^^^^^^^^^^^^^^^^^^^
  File "C:\Users\thyag\codigofontes\sementes\venv\Lib\site-packages\django\utils\deprecation.py", line 122, in __call__
    response = self.process_response(request, response)
               ^^^^^^^^^^^^^^^^^^^^^^^^^^^^^^^^^^^^^^^^
  File "C:\Users\thyag\codigofontes\sementes\venv\Lib\site-packages\django\contrib\sessions\middleware.py", line 48, in process_response
    if request.session.get_expire_at_browser_close():
       ^^^^^^^^^^^^^^^^^^^^^^^^^^^^^^^^^^^^^^^^^^^^^
  File "C:\Users\thyag\codigofontes\sementes\venv\Lib\site-packages\django\contrib\sessions\backends\base.py", line 403, in get_expire_at_browser_close
    if (expiry := self.get("_session_expiry")) is None:
                  ^^^^^^^^^^^^^^^^^^^^^^^^^^^
  File "C:\Users\thyag\codigofontes\sementes\venv\Lib\site-packages\django\contrib\sessions\backends\base.py", line 74, in get
    return self._session.get(key, default)
           ^^^^^^^^^^^^^
  File "C:\Users\thyag\codigofontes\sementes\venv\Lib\site-packages\django\contrib\sessions\backends\base.py", line 249, in _get_session
    self._session_cache = self.load()
                          ^^^^^^^^^^^
  File "C:\Users\thyag\codigofontes\sementes\venv\Lib\site-packages\django\contrib\sessions\backends\db.py", line 55, in load
    s = self._get_session_from_db()
        ^^^^^^^^^^^^^^^^^^^^^^^^^^^
  File "C:\Users\thyag\codigofontes\sementes\venv\Lib\site-packages\django\contrib\sessions\backends\db.py", line 34, in _get_session_from_db
    return self.model.objects.get(
           ^^^^^^^^^^^^^^^^^^^^^^^
  File "C:\Users\thyag\codigofontes\sementes\venv\Lib\site-packages\django\db\models\manager.py", line 87, in manager_method
    return getattr(self.get_queryset(), name)(*args, **kwargs)
           ^^^^^^^^^^^^^^^^^^^^^^^^^^^^^^^^^^^^^^^^^^^^^^^^^^^
  File "C:\Users\thyag\codigofontes\sementes\venv\Lib\site-packages\django\db\models\query.py", line 629, in get
    num = len(clone)
          ^^^^^^^^^^
  File "C:\Users\thyag\codigofontes\sementes\venv\Lib\site-packages\django\db\models\query.py", line 366, in __len__
    self._fetch_all()
  File "C:\Users\thyag\codigofontes\sementes\venv\Lib\site-packages\django\db\models\query.py", line 1935, in _fetch_all
    self._result_cache = list(self._iterable_class(self))
                         ^^^^^^^^^^^^^^^^^^^^^^^^^^^^^^^^
  File "C:\Users\thyag\codigofontes\sementes\venv\Lib\site-packages\django\db\models\query.py", line 91, in __iter__
    results = compiler.execute_sql(
              ^^^^^^^^^^^^^^^^^^^^^
  File "C:\Users\thyag\codigofontes\sementes\venv\Lib\site-packages\django\db\models\sql\compiler.py", line 1622, in execute_sql
    cursor.execute(sql, params)
  File "C:\Users\thyag\codigofontes\sementes\venv\Lib\site-packages\django\db\backends\utils.py", line 122, in execute
    return super().execute(sql, params)
           ^^^^^^^^^^^^^^^^^^^^^^^^^^^^
  File "C:\Users\thyag\codigofontes\sementes\venv\Lib\site-packages\django\db\backends\utils.py", line 79, in execute
    return self._execute_with_wrappers(
           ^^^^^^^^^^^^^^^^^^^^^^^^^^^^
  File "C:\Users\thyag\codigofontes\sementes\venv\Lib\site-packages\django\db\backends\utils.py", line 92, in _execute_with_wrappers
    return executor(sql, params, many, context)
           ^^^^^^^^^^^^^^^^^^^^^^^^^^^^^^^^^^^^
  File "C:\Users\thyag\codigofontes\sementes\venv\Lib\site-packages\django\db\backends\utils.py", line 100, in _execute
    with self.db.wrap_database_errors:
         ^^^^^^^^^^^^^^^^^^^^^^^^^^^^
  File "C:\Users\thyag\codigofontes\sementes\venv\Lib\site-packages\django\db\utils.py", line 91, in __exit__
    raise dj_exc_value.with_traceback(traceback) from exc_value
  File "C:\Users\thyag\codigofontes\sementes\venv\Lib\site-packages\django\db\backends\utils.py", line 105, in _execute
    return self.cursor.execute(sql, params)
           ^^^^^^^^^^^^^^^^^^^^^^^^^^^^^^^^
django.db.utils.ProgrammingError: ERRO:  relação "django_session" não existe
LINE 1: ...ession_data", "django_session"."expire_date" FROM "django_se...
                                                             ^

INFO 2025-12-22 20:20:09,347 autoreload 17424 12824 Watching for file changes with StatReloader
WARNING 2025-12-22 20:25:41,850 log 17424 13516 Not Found: /.well-known/appspecific/com.chrome.devtools.json
INFO 2025-12-22 20:31:17,615 autoreload 17424 12824 C:\Users\thyag\codigofontes\sementes\sapp\models.py changed, reloading.
INFO 2025-12-22 20:31:21,007 autoreload 4712 11456 Watching for file changes with StatReloader
INFO 2025-12-22 20:32:29,286 autoreload 4712 11456 C:\Users\thyag\codigofontes\sementes\sapp\forms.py changed, reloading.
INFO 2025-12-22 20:32:33,711 autoreload 11636 14752 Watching for file changes with StatReloader
INFO 2025-12-22 20:33:13,144 autoreload 11636 14752 C:\Users\thyag\codigofontes\sementes\sapp\views.py changed, reloading.
INFO 2025-12-22 20:33:16,620 autoreload 18872 16140 Watching for file changes with StatReloader
INFO 2025-12-22 20:40:31,688 autoreload 18332 16528 Watching for file changes with StatReloader
INFO 2025-12-22 21:15:51,461 autoreload 2248 17108 Watching for file changes with StatReloader
INFO 2025-12-22 21:23:06,113 autoreload 2248 17108 C:\Users\thyag\codigofontes\sementes\sapp\views.py changed, reloading.
INFO 2025-12-22 21:23:09,674 autoreload 15824 19128 Watching for file changes with StatReloader
INFO 2025-12-22 21:24:16,342 autoreload 15824 19128 C:\Users\thyag\codigofontes\sementes\sapp\views.py changed, reloading.
INFO 2025-12-22 21:24:18,287 autoreload 14700 3916 Watching for file changes with StatReloader
INFO 2025-12-22 21:36:00,272 autoreload 14700 3916 C:\Users\thyag\codigofontes\sementes\sapp\views.py changed, reloading.
INFO 2025-12-22 21:36:02,982 autoreload 11820 12392 Watching for file changes with StatReloader
INFO 2025-12-22 21:36:12,343 autoreload 11820 12392 C:\Users\thyag\codigofontes\sementes\sapp\views.py changed, reloading.
INFO 2025-12-22 21:36:14,894 autoreload 13448 12372 Watching for file changes with StatReloader
WARNING 2025-12-22 21:52:44,636 log 13448 5952 Not Found: /.well-known/appspecific/com.chrome.devtools.json
WARNING 2025-12-22 21:52:53,629 log 13448 5952 Not Found: /.well-known/appspecific/com.chrome.devtools.json
WARNING 2025-12-22 21:52:56,940 log 13448 5952 Not Found: /.well-known/appspecific/com.chrome.devtools.json
WARNING 2025-12-22 21:53:35,265 log 13448 5952 Not Found: /.well-known/appspecific/com.chrome.devtools.json
WARNING 2025-12-22 21:53:54,945 log 13448 5952 Not Found: /.well-known/appspecific/com.chrome.devtools.json
WARNING 2025-12-22 22:33:54,058 log 13448 12432 Not Found: /.well-known/appspecific/com.chrome.devtools.json
WARNING 2025-12-22 22:34:26,709 log 13448 12432 Not Found: /.well-known/appspecific/com.chrome.devtools.json
WARNING 2025-12-22 22:34:41,120 log 13448 12432 Not Found: /.well-known/appspecific/com.chrome.devtools.json
WARNING 2025-12-22 22:48:24,733 log 13448 17056 Not Found: /.well-known/appspecific/com.chrome.devtools.json
WARNING 2025-12-22 22:48:29,925 log 13448 13344 Not Found: /.well-known/appspecific/com.chrome.devtools.json
WARNING 2025-12-22 22:48:32,767 log 13448 5552 Not Found: /.well-known/appspecific/com.chrome.devtools.json
WARNING 2025-12-22 22:48:57,956 log 13448 5552 Not Found: /.well-known/appspecific/com.chrome.devtools.json
WARNING 2025-12-22 22:49:10,547 log 13448 5552 Not Found: /.well-known/appspecific/com.chrome.devtools.json
WARNING 2025-12-22 22:54:49,985 log 13448 5552 Not Found: /.well-known/appspecific/com.chrome.devtools.json
ERROR 2025-12-22 23:00:45,517 log 13448 12396 Internal Server Error: /historico-geral/
Traceback (most recent call last):
  File "C:\Users\thyag\codigofontes\sementes\venv\Lib\site-packages\django\template\backends\django.py", line 107, in render
    return self.template.render(context)
           ^^^^^^^^^^^^^^^^^^^^^^^^^^^^^
  File "C:\Users\thyag\codigofontes\sementes\venv\Lib\site-packages\django\template\base.py", line 171, in render
    return self._render(context)
           ^^^^^^^^^^^^^^^^^^^^^
  File "C:\Users\thyag\codigofontes\sementes\venv\Lib\site-packages\django\template\base.py", line 163, in _render
    return self.nodelist.render(context)
           ^^^^^^^^^^^^^^^^^^^^^^^^^^^^^
  File "C:\Users\thyag\codigofontes\sementes\venv\Lib\site-packages\django\template\base.py", line 1016, in render
    return SafeString("".join([node.render_annotated(context) for node in self]))
                               ^^^^^^^^^^^^^^^^^^^^^^^^^^^^^^
  File "C:\Users\thyag\codigofontes\sementes\venv\Lib\site-packages\django\template\base.py", line 977, in render_annotated
    return self.render(context)
           ^^^^^^^^^^^^^^^^^^^^
  File "C:\Users\thyag\codigofontes\sementes\venv\Lib\site-packages\django\template\loader_tags.py", line 159, in render
    return compiled_parent._render(context)
           ^^^^^^^^^^^^^^^^^^^^^^^^^^^^^^^^
  File "C:\Users\thyag\codigofontes\sementes\venv\Lib\site-packages\django\template\base.py", line 163, in _render
    return self.nodelist.render(context)
           ^^^^^^^^^^^^^^^^^^^^^^^^^^^^^
  File "C:\Users\thyag\codigofontes\sementes\venv\Lib\site-packages\django\template\base.py", line 1016, in render
    return SafeString("".join([node.render_annotated(context) for node in self]))
                               ^^^^^^^^^^^^^^^^^^^^^^^^^^^^^^
  File "C:\Users\thyag\codigofontes\sementes\venv\Lib\site-packages\django\template\base.py", line 977, in render_annotated
    return self.render(context)
           ^^^^^^^^^^^^^^^^^^^^
  File "C:\Users\thyag\codigofontes\sementes\venv\Lib\site-packages\django\template\loader_tags.py", line 134, in render
    compiled_parent = self.get_parent(context)
                      ^^^^^^^^^^^^^^^^^^^^^^^^
  File "C:\Users\thyag\codigofontes\sementes\venv\Lib\site-packages\django\template\loader_tags.py", line 131, in get_parent
    return self.find_template(parent, context)
           ^^^^^^^^^^^^^^^^^^^^^^^^^^^^^^^^^^^
  File "C:\Users\thyag\codigofontes\sementes\venv\Lib\site-packages\django\template\loader_tags.py", line 109, in find_template
    template, origin = context.template.engine.find_template(
                       ^^^^^^^^^^^^^^^^^^^^^^^^^^^^^^^^^^^^^^
  File "C:\Users\thyag\codigofontes\sementes\venv\Lib\site-packages\django\template\engine.py", line 163, in find_template
    raise TemplateDoesNotExist(name, tried=tried)
django.template.exceptions.TemplateDoesNotExist: sapp/base.html

The above exception was the direct cause of the following exception:

Traceback (most recent call last):
  File "C:\Users\thyag\codigofontes\sementes\venv\Lib\site-packages\django\core\handlers\exception.py", line 55, in inner
    response = get_response(request)
               ^^^^^^^^^^^^^^^^^^^^^
  File "C:\Users\thyag\codigofontes\sementes\venv\Lib\site-packages\django\core\handlers\base.py", line 197, in _get_response
    response = wrapped_callback(request, *callback_args, **callback_kwargs)
               ^^^^^^^^^^^^^^^^^^^^^^^^^^^^^^^^^^^^^^^^^^^^^^^^^^^^^^^^^^^^
  File "C:\Users\thyag\codigofontes\sementes\venv\Lib\site-packages\django\contrib\auth\decorators.py", line 59, in _view_wrapper
    return view_func(request, *args, **kwargs)
           ^^^^^^^^^^^^^^^^^^^^^^^^^^^^^^^^^^^
  File "C:\Users\thyag\codigofontes\sementes\sapp\views.py", line 2857, in historico_geral
    return render(request, 'sapp/historico_geral.html', context)
           ^^^^^^^^^^^^^^^^^^^^^^^^^^^^^^^^^^^^^^^^^^^^^^^^^^^^^
  File "C:\Users\thyag\codigofontes\sementes\venv\Lib\site-packages\django\shortcuts.py", line 25, in render
    content = loader.render_to_string(template_name, context, request, using=using)
              ^^^^^^^^^^^^^^^^^^^^^^^^^^^^^^^^^^^^^^^^^^^^^^^^^^^^^^^^^^^^^^^^^^^^^
  File "C:\Users\thyag\codigofontes\sementes\venv\Lib\site-packages\django\template\loader.py", line 62, in render_to_string
    return template.render(context, request)
           ^^^^^^^^^^^^^^^^^^^^^^^^^^^^^^^^^
  File "C:\Users\thyag\codigofontes\sementes\venv\Lib\site-packages\django\template\backends\django.py", line 109, in render
    reraise(exc, self.backend)
  File "C:\Users\thyag\codigofontes\sementes\venv\Lib\site-packages\django\template\backends\django.py", line 130, in reraise
    raise new from exc
django.template.exceptions.TemplateDoesNotExist: sapp/base.html
WARNING 2025-12-22 23:00:45,920 log 13448 12396 Not Found: /favicon.ico
WARNING 2025-12-22 23:01:58,145 log 13448 10880 Not Found: /.well-known/appspecific/com.chrome.devtools.json
WARNING 2025-12-22 23:02:23,942 log 13448 10880 Not Found: /.well-known/appspecific/com.chrome.devtools.json
WARNING 2025-12-22 23:07:22,712 log 13448 10880 Not Found: /.well-known/appspecific/com.chrome.devtools.json
WARNING 2025-12-22 23:07:35,590 log 13448 10880 Not Found: /.well-known/appspecific/com.chrome.devtools.json
WARNING 2025-12-22 23:07:44,076 log 13448 10880 Not Found: /.well-known/appspecific/com.chrome.devtools.json
ERROR 2025-12-22 23:16:47,705 log 13448 3132 Internal Server Error: /exportar-excel/
Traceback (most recent call last):
  File "C:\Users\thyag\codigofontes\sementes\venv\Lib\site-packages\django\core\handlers\exception.py", line 55, in inner
    response = get_response(request)
               ^^^^^^^^^^^^^^^^^^^^^
  File "C:\Users\thyag\codigofontes\sementes\venv\Lib\site-packages\django\core\handlers\base.py", line 197, in _get_response
    response = wrapped_callback(request, *callback_args, **callback_kwargs)
               ^^^^^^^^^^^^^^^^^^^^^^^^^^^^^^^^^^^^^^^^^^^^^^^^^^^^^^^^^^^^
  File "C:\Users\thyag\codigofontes\sementes\sapp\views.py", line 2916, in exportar_excel
    'Lote Anterior': item.lote_anterior or '',
                     ^^^^^^^^^^^^^^^^^^
AttributeError: 'Estoque' object has no attribute 'lote_anterior'
INFO 2025-12-22 23:17:29,061 autoreload 13448 12372 C:\Users\thyag\codigofontes\sementes\sapp\views.py changed, reloading.
INFO 2025-12-22 23:17:31,171 autoreload 13096 8756 Watching for file changes with StatReloader
INFO 2025-12-22 23:24:23,707 autoreload 13096 8756 C:\Users\thyag\codigofontes\sementes\sapp\views.py changed, reloading.
INFO 2025-12-22 23:24:26,335 autoreload 17256 4904 Watching for file changes with StatReloader
INFO 2025-12-22 23:25:08,929 autoreload 17256 4904 C:\Users\thyag\codigofontes\sementes\sapp\views.py changed, reloading.
INFO 2025-12-22 23:25:11,015 autoreload 7184 9040 Watching for file changes with StatReloader
INFO 2025-12-22 23:57:12,863 autoreload 16820 1160 Watching for file changes with StatReloader
ERROR 2025-12-22 23:57:25,071 log 16820 16980 Internal Server Error: /empenho/
Traceback (most recent call last):
  File "C:\Users\thyag\codigofontes\sementes\venv\Lib\site-packages\django\core\handlers\exception.py", line 55, in inner
    response = get_response(request)
               ^^^^^^^^^^^^^^^^^^^^^
  File "C:\Users\thyag\codigofontes\sementes\venv\Lib\site-packages\django\core\handlers\base.py", line 197, in _get_response
    response = wrapped_callback(request, *callback_args, **callback_kwargs)
               ^^^^^^^^^^^^^^^^^^^^^^^^^^^^^^^^^^^^^^^^^^^^^^^^^^^^^^^^^^^^
  File "C:\Users\thyag\codigofontes\sementes\venv\Lib\site-packages\django\contrib\auth\decorators.py", line 59, in _view_wrapper
    return view_func(request, *args, **kwargs)
           ^^^^^^^^^^^^^^^^^^^^^^^^^^^^^^^^^^^
  File "C:\Users\thyag\codigofontes\sementes\sapp\views.py", line 3267, in pagina_rascunho
    empenhos = Empenho.objects.filter(usuario=request.user).order_by('-data_criacao')
               ^^^^^^^
NameError: name 'Empenho' is not defined
WARNING 2025-12-22 23:57:25,310 log 16820 16980 Not Found: /favicon.ico
INFO 2025-12-22 23:58:26,766 autoreload 16820 1160 C:\Users\thyag\codigofontes\sementes\sapp\admin.py changed, reloading.
INFO 2025-12-22 23:58:28,678 autoreload 9600 11980 Watching for file changes with StatReloader
INFO 2025-12-22 23:59:05,300 autoreload 1524 3300 Watching for file changes with StatReloader
ERROR 2025-12-22 23:59:09,976 log 1524 84 Internal Server Error: /empenho/
Traceback (most recent call last):
  File "C:\Users\thyag\codigofontes\sementes\venv\Lib\site-packages\django\core\handlers\exception.py", line 55, in inner
    response = get_response(request)
               ^^^^^^^^^^^^^^^^^^^^^
  File "C:\Users\thyag\codigofontes\sementes\venv\Lib\site-packages\django\core\handlers\base.py", line 197, in _get_response
    response = wrapped_callback(request, *callback_args, **callback_kwargs)
               ^^^^^^^^^^^^^^^^^^^^^^^^^^^^^^^^^^^^^^^^^^^^^^^^^^^^^^^^^^^^
  File "C:\Users\thyag\codigofontes\sementes\venv\Lib\site-packages\django\contrib\auth\decorators.py", line 59, in _view_wrapper
    return view_func(request, *args, **kwargs)
           ^^^^^^^^^^^^^^^^^^^^^^^^^^^^^^^^^^^
  File "C:\Users\thyag\codigofontes\sementes\sapp\views.py", line 3267, in pagina_rascunho
    empenhos = Empenho.objects.filter(usuario=request.user).order_by('-data_criacao')
               ^^^^^^^
NameError: name 'Empenho' is not defined
ERROR 2025-12-22 23:59:27,226 log 1524 13568 Internal Server Error: /empenho/
Traceback (most recent call last):
  File "C:\Users\thyag\codigofontes\sementes\venv\Lib\site-packages\django\core\handlers\exception.py", line 55, in inner
    response = get_response(request)
               ^^^^^^^^^^^^^^^^^^^^^
  File "C:\Users\thyag\codigofontes\sementes\venv\Lib\site-packages\django\core\handlers\base.py", line 197, in _get_response
    response = wrapped_callback(request, *callback_args, **callback_kwargs)
               ^^^^^^^^^^^^^^^^^^^^^^^^^^^^^^^^^^^^^^^^^^^^^^^^^^^^^^^^^^^^
  File "C:\Users\thyag\codigofontes\sementes\venv\Lib\site-packages\django\contrib\auth\decorators.py", line 59, in _view_wrapper
    return view_func(request, *args, **kwargs)
           ^^^^^^^^^^^^^^^^^^^^^^^^^^^^^^^^^^^
  File "C:\Users\thyag\codigofontes\sementes\sapp\views.py", line 3267, in pagina_rascunho
    empenhos = Empenho.objects.filter(usuario=request.user).order_by('-data_criacao')
               ^^^^^^^
NameError: name 'Empenho' is not defined
INFO 2025-12-23 00:00:06,525 autoreload 1524 3300 C:\Users\thyag\codigofontes\sementes\sapp\views.py changed, reloading.
INFO 2025-12-23 00:00:08,632 autoreload 12892 3384 Watching for file changes with StatReloader
ERROR 2025-12-23 00:00:10,434 log 12892 15404 Internal Server Error: /empenho/
Traceback (most recent call last):
  File "C:\Users\thyag\codigofontes\sementes\venv\Lib\site-packages\django\core\handlers\exception.py", line 55, in inner
    response = get_response(request)
               ^^^^^^^^^^^^^^^^^^^^^
  File "C:\Users\thyag\codigofontes\sementes\venv\Lib\site-packages\django\core\handlers\base.py", line 197, in _get_response
    response = wrapped_callback(request, *callback_args, **callback_kwargs)
               ^^^^^^^^^^^^^^^^^^^^^^^^^^^^^^^^^^^^^^^^^^^^^^^^^^^^^^^^^^^^
  File "C:\Users\thyag\codigofontes\sementes\venv\Lib\site-packages\django\contrib\auth\decorators.py", line 59, in _view_wrapper
    return view_func(request, *args, **kwargs)
           ^^^^^^^^^^^^^^^^^^^^^^^^^^^^^^^^^^^
  File "C:\Users\thyag\codigofontes\sementes\sapp\views.py", line 3281, in pagina_rascunho
    status=EmpenhoStatus.objects.get(nome='Rascunho'),
           ^^^^^^^^^^^^^^^^^^^^^^^^^^^^^^^^^^^^^^^^^^
  File "C:\Users\thyag\codigofontes\sementes\venv\Lib\site-packages\django\db\models\manager.py", line 87, in manager_method
    return getattr(self.get_queryset(), name)(*args, **kwargs)
           ^^^^^^^^^^^^^^^^^^^^^^^^^^^^^^^^^^^^^^^^^^^^^^^^^^^
  File "C:\Users\thyag\codigofontes\sementes\venv\Lib\site-packages\django\db\models\query.py", line 633, in get
    raise self.model.DoesNotExist(
sapp.models.EmpenhoStatus.DoesNotExist: EmpenhoStatus matching query does not exist.
INFO 2025-12-23 00:04:52,522 autoreload 15596 6084 Watching for file changes with StatReloader
ERROR 2025-12-23 00:04:57,256 log 15596 5876 Internal Server Error: /empenho/
Traceback (most recent call last):
  File "C:\Users\thyag\codigofontes\sementes\venv\Lib\site-packages\django\core\handlers\exception.py", line 55, in inner
    response = get_response(request)
               ^^^^^^^^^^^^^^^^^^^^^
  File "C:\Users\thyag\codigofontes\sementes\venv\Lib\site-packages\django\core\handlers\base.py", line 197, in _get_response
    response = wrapped_callback(request, *callback_args, **callback_kwargs)
               ^^^^^^^^^^^^^^^^^^^^^^^^^^^^^^^^^^^^^^^^^^^^^^^^^^^^^^^^^^^^
  File "C:\Users\thyag\codigofontes\sementes\venv\Lib\site-packages\django\contrib\auth\decorators.py", line 59, in _view_wrapper
    return view_func(request, *args, **kwargs)
           ^^^^^^^^^^^^^^^^^^^^^^^^^^^^^^^^^^^
  File "C:\Users\thyag\codigofontes\sementes\sapp\views.py", line 3281, in pagina_rascunho
    status=EmpenhoStatus.objects.get(nome='Rascunho'),
           ^^^^^^^^^^^^^^^^^^^^^^^^^^^^^^^^^^^^^^^^^^
  File "C:\Users\thyag\codigofontes\sementes\venv\Lib\site-packages\django\db\models\manager.py", line 87, in manager_method
    return getattr(self.get_queryset(), name)(*args, **kwargs)
           ^^^^^^^^^^^^^^^^^^^^^^^^^^^^^^^^^^^^^^^^^^^^^^^^^^^
  File "C:\Users\thyag\codigofontes\sementes\venv\Lib\site-packages\django\db\models\query.py", line 633, in get
    raise self.model.DoesNotExist(
sapp.models.EmpenhoStatus.DoesNotExist: EmpenhoStatus matching query does not exist.
INFO 2025-12-23 00:12:49,555 autoreload 1124 8500 Watching for file changes with StatReloader
ERROR 2025-12-23 00:13:01,915 log 1124 6884 Internal Server Error: /empenho/
Traceback (most recent call last):
  File "C:\Users\thyag\codigofontes\sementes\venv\Lib\site-packages\django\core\handlers\exception.py", line 55, in inner
    response = get_response(request)
               ^^^^^^^^^^^^^^^^^^^^^
  File "C:\Users\thyag\codigofontes\sementes\venv\Lib\site-packages\django\core\handlers\base.py", line 197, in _get_response
    response = wrapped_callback(request, *callback_args, **callback_kwargs)
               ^^^^^^^^^^^^^^^^^^^^^^^^^^^^^^^^^^^^^^^^^^^^^^^^^^^^^^^^^^^^
  File "C:\Users\thyag\codigofontes\sementes\venv\Lib\site-packages\django\contrib\auth\decorators.py", line 59, in _view_wrapper
    return view_func(request, *args, **kwargs)
           ^^^^^^^^^^^^^^^^^^^^^^^^^^^^^^^^^^^
  File "C:\Users\thyag\codigofontes\sementes\sapp\views.py", line 3329, in pagina_rascunho
    from .forms_empenho import EmpenhoForm, AdicionarItemEmpenhoForm
ModuleNotFoundError: No module named 'sapp.forms_empenho'
ERROR 2025-12-23 00:16:35,138 log 1124 6884 Internal Server Error: /empenho/
Traceback (most recent call last):
  File "C:\Users\thyag\codigofontes\sementes\venv\Lib\site-packages\django\core\handlers\exception.py", line 55, in inner
    response = get_response(request)
               ^^^^^^^^^^^^^^^^^^^^^
  File "C:\Users\thyag\codigofontes\sementes\venv\Lib\site-packages\django\core\handlers\base.py", line 197, in _get_response
    response = wrapped_callback(request, *callback_args, **callback_kwargs)
               ^^^^^^^^^^^^^^^^^^^^^^^^^^^^^^^^^^^^^^^^^^^^^^^^^^^^^^^^^^^^
  File "C:\Users\thyag\codigofontes\sementes\venv\Lib\site-packages\django\contrib\auth\decorators.py", line 59, in _view_wrapper
    return view_func(request, *args, **kwargs)
           ^^^^^^^^^^^^^^^^^^^^^^^^^^^^^^^^^^^
  File "C:\Users\thyag\codigofontes\sementes\sapp\views.py", line 3329, in pagina_rascunho
    from .forms_empenho import EmpenhoForm, AdicionarItemEmpenhoForm
ModuleNotFoundError: No module named 'sapp.forms_empenho'
INFO 2025-12-23 00:18:06,702 autoreload 1124 8500 C:\Users\thyag\codigofontes\sementes\sapp\views.py changed, reloading.
INFO 2025-12-23 00:18:09,751 autoreload 14096 13496 Watching for file changes with StatReloader
INFO 2025-12-23 00:20:17,017 autoreload 14096 13496 C:\Users\thyag\codigofontes\sementes\sapp\views.py changed, reloading.
INFO 2025-12-23 00:20:19,961 autoreload 15952 18832 Watching for file changes with StatReloader
INFO 2025-12-23 00:20:44,493 autoreload 15952 18832 C:\Users\thyag\codigofontes\sementes\sapp\views.py changed, reloading.
INFO 2025-12-23 00:20:46,469 autoreload 15272 5072 Watching for file changes with StatReloader
INFO 2025-12-23 00:43:30,276 autoreload 15272 5072 C:\Users\thyag\codigofontes\sementes\sapp\views.py changed, reloading.
INFO 2025-12-23 00:43:33,842 autoreload 12660 4780 Watching for file changes with StatReloader
INFO 2025-12-23 00:46:57,277 autoreload 12660 4780 C:\Users\thyag\codigofontes\sementes\sapp\views.py changed, reloading.
INFO 2025-12-23 00:46:59,130 autoreload 18248 14584 Watching for file changes with StatReloader
INFO 2025-12-23 00:48:24,998 autoreload 18248 14584 C:\Users\thyag\codigofontes\sementes\sapp\urls.py changed, reloading.
INFO 2025-12-23 00:48:26,800 autoreload 8160 8568 Watching for file changes with StatReloader
INFO 2025-12-23 00:48:52,808 autoreload 8160 8568 C:\Users\thyag\codigofontes\sementes\sapp\urls.py changed, reloading.
INFO 2025-12-23 00:48:54,478 autoreload 18244 7548 Watching for file changes with StatReloader
WARNING 2025-12-23 00:51:08,051 log 18244 19004 Not Found: /empenho/excluir/1/
WARNING 2025-12-23 00:51:11,707 log 18244 19004 Not Found: /empenho/excluir/5/
WARNING 2025-12-23 00:51:16,636 log 18244 19004 Not Found: /empenho/excluir/6/
WARNING 2025-12-23 00:51:19,830 log 18244 19004 Not Found: /empenho/excluir/2/
WARNING 2025-12-23 00:51:41,447 log 18244 19004 Not Found: /empenho/excluir/4/
WARNING 2025-12-23 00:52:45,108 log 18244 19004 Not Found: /empenho/excluir/6/
WARNING 2025-12-23 00:52:48,862 log 18244 19004 Not Found: /empenho/excluir/8/
INFO 2025-12-23 00:59:25,010 autoreload 18244 7548 C:\Users\thyag\codigofontes\sementes\sapp\views.py changed, reloading.
INFO 2025-12-23 00:59:26,963 autoreload 16996 16244 Watching for file changes with StatReloader
WARNING 2025-12-23 00:59:39,776 log 16996 1008 Not Found: /empenho/excluir/7/
WARNING 2025-12-23 00:59:46,476 log 16996 1008 Not Found: /empenho/excluir/4/
WARNING 2025-12-23 01:01:00,155 log 16996 1008 Not Found: /empenho/excluir/4/
ERROR 2025-12-23 01:02:36,934 log 16996 1008 Internal Server Error: /empenho/
Traceback (most recent call last):
  File "C:\Users\thyag\codigofontes\sementes\venv\Lib\site-packages\django\core\handlers\exception.py", line 55, in inner
    response = get_response(request)
               ^^^^^^^^^^^^^^^^^^^^^
  File "C:\Users\thyag\codigofontes\sementes\venv\Lib\site-packages\django\core\handlers\base.py", line 197, in _get_response
    response = wrapped_callback(request, *callback_args, **callback_kwargs)
               ^^^^^^^^^^^^^^^^^^^^^^^^^^^^^^^^^^^^^^^^^^^^^^^^^^^^^^^^^^^^
  File "C:\Users\thyag\codigofontes\sementes\venv\Lib\site-packages\django\contrib\auth\decorators.py", line 59, in _view_wrapper
    return view_func(request, *args, **kwargs)
           ^^^^^^^^^^^^^^^^^^^^^^^^^^^^^^^^^^^
  File "C:\Users\thyag\codigofontes\sementes\sapp\views.py", line 3525, in pagina_rascunho
    return render(request, 'sapp/pagina_rascunho.html', context)
           ^^^^^^^^^^^^^^^^^^^^^^^^^^^^^^^^^^^^^^^^^^^^^^^^^^^^^
  File "C:\Users\thyag\codigofontes\sementes\venv\Lib\site-packages\django\shortcuts.py", line 25, in render
    content = loader.render_to_string(template_name, context, request, using=using)
              ^^^^^^^^^^^^^^^^^^^^^^^^^^^^^^^^^^^^^^^^^^^^^^^^^^^^^^^^^^^^^^^^^^^^^
  File "C:\Users\thyag\codigofontes\sementes\venv\Lib\site-packages\django\template\loader.py", line 61, in render_to_string
    template = get_template(template_name, using=using)
               ^^^^^^^^^^^^^^^^^^^^^^^^^^^^^^^^^^^^^^^^
  File "C:\Users\thyag\codigofontes\sementes\venv\Lib\site-packages\django\template\loader.py", line 15, in get_template
    return engine.get_template(template_name)
           ^^^^^^^^^^^^^^^^^^^^^^^^^^^^^^^^^^
  File "C:\Users\thyag\codigofontes\sementes\venv\Lib\site-packages\django\template\backends\django.py", line 79, in get_template
    return Template(self.engine.get_template(template_name), self)
                    ^^^^^^^^^^^^^^^^^^^^^^^^^^^^^^^^^^^^^^^
  File "C:\Users\thyag\codigofontes\sementes\venv\Lib\site-packages\django\template\engine.py", line 177, in get_template
    template, origin = self.find_template(template_name)
                       ^^^^^^^^^^^^^^^^^^^^^^^^^^^^^^^^^
  File "C:\Users\thyag\codigofontes\sementes\venv\Lib\site-packages\django\template\engine.py", line 159, in find_template
    template = loader.get_template(name, skip=skip)
               ^^^^^^^^^^^^^^^^^^^^^^^^^^^^^^^^^^^^
  File "C:\Users\thyag\codigofontes\sementes\venv\Lib\site-packages\django\template\loaders\cached.py", line 57, in get_template
    template = super().get_template(template_name, skip)
               ^^^^^^^^^^^^^^^^^^^^^^^^^^^^^^^^^^^^^^^^^
  File "C:\Users\thyag\codigofontes\sementes\venv\Lib\site-packages\django\template\loaders\base.py", line 28, in get_template
    return Template(
           ^^^^^^^^^
  File "C:\Users\thyag\codigofontes\sementes\venv\Lib\site-packages\django\template\base.py", line 154, in __init__
    self.nodelist = self.compile_nodelist()
                    ^^^^^^^^^^^^^^^^^^^^^^^
  File "C:\Users\thyag\codigofontes\sementes\venv\Lib\site-packages\django\template\base.py", line 196, in compile_nodelist
    nodelist = parser.parse()
               ^^^^^^^^^^^^^^
  File "C:\Users\thyag\codigofontes\sementes\venv\Lib\site-packages\django\template\base.py", line 518, in parse
    raise self.error(token, e)
  File "C:\Users\thyag\codigofontes\sementes\venv\Lib\site-packages\django\template\base.py", line 516, in parse
    compiled_result = compile_func(self, token)
                      ^^^^^^^^^^^^^^^^^^^^^^^^^
  File "C:\Users\thyag\codigofontes\sementes\venv\Lib\site-packages\django\template\loader_tags.py", line 299, in do_extends
    nodelist = parser.parse()
               ^^^^^^^^^^^^^^
  File "C:\Users\thyag\codigofontes\sementes\venv\Lib\site-packages\django\template\base.py", line 518, in parse
    raise self.error(token, e)
  File "C:\Users\thyag\codigofontes\sementes\venv\Lib\site-packages\django\template\base.py", line 516, in parse
    compiled_result = compile_func(self, token)
                      ^^^^^^^^^^^^^^^^^^^^^^^^^
  File "C:\Users\thyag\codigofontes\sementes\venv\Lib\site-packages\django\template\loader_tags.py", line 234, in do_block
    nodelist = parser.parse(("endblock",))
               ^^^^^^^^^^^^^^^^^^^^^^^^^^^
  File "C:\Users\thyag\codigofontes\sementes\venv\Lib\site-packages\django\template\base.py", line 518, in parse
    raise self.error(token, e)
  File "C:\Users\thyag\codigofontes\sementes\venv\Lib\site-packages\django\template\base.py", line 516, in parse
    compiled_result = compile_func(self, token)
                      ^^^^^^^^^^^^^^^^^^^^^^^^^
  File "C:\Users\thyag\codigofontes\sementes\venv\Lib\site-packages\django\template\loader_tags.py", line 234, in do_block
    nodelist = parser.parse(("endblock",))
               ^^^^^^^^^^^^^^^^^^^^^^^^^^^
  File "C:\Users\thyag\codigofontes\sementes\venv\Lib\site-packages\django\template\base.py", line 518, in parse
    raise self.error(token, e)
  File "C:\Users\thyag\codigofontes\sementes\venv\Lib\site-packages\django\template\base.py", line 516, in parse
    compiled_result = compile_func(self, token)
                      ^^^^^^^^^^^^^^^^^^^^^^^^^
  File "C:\Users\thyag\codigofontes\sementes\venv\Lib\site-packages\django\template\loader_tags.py", line 228, in do_block
    raise TemplateSyntaxError(
django.template.exceptions.TemplateSyntaxError: 'block' tag with name 'extra_js' appears more than once
ERROR 2025-12-23 01:02:45,402 log 16996 1008 Internal Server Error: /empenho/
Traceback (most recent call last):
  File "C:\Users\thyag\codigofontes\sementes\venv\Lib\site-packages\django\core\handlers\exception.py", line 55, in inner
    response = get_response(request)
               ^^^^^^^^^^^^^^^^^^^^^
  File "C:\Users\thyag\codigofontes\sementes\venv\Lib\site-packages\django\core\handlers\base.py", line 197, in _get_response
    response = wrapped_callback(request, *callback_args, **callback_kwargs)
               ^^^^^^^^^^^^^^^^^^^^^^^^^^^^^^^^^^^^^^^^^^^^^^^^^^^^^^^^^^^^
  File "C:\Users\thyag\codigofontes\sementes\venv\Lib\site-packages\django\contrib\auth\decorators.py", line 59, in _view_wrapper
    return view_func(request, *args, **kwargs)
           ^^^^^^^^^^^^^^^^^^^^^^^^^^^^^^^^^^^
  File "C:\Users\thyag\codigofontes\sementes\sapp\views.py", line 3525, in pagina_rascunho
    return render(request, 'sapp/pagina_rascunho.html', context)
           ^^^^^^^^^^^^^^^^^^^^^^^^^^^^^^^^^^^^^^^^^^^^^^^^^^^^^
  File "C:\Users\thyag\codigofontes\sementes\venv\Lib\site-packages\django\shortcuts.py", line 25, in render
    content = loader.render_to_string(template_name, context, request, using=using)
              ^^^^^^^^^^^^^^^^^^^^^^^^^^^^^^^^^^^^^^^^^^^^^^^^^^^^^^^^^^^^^^^^^^^^^
  File "C:\Users\thyag\codigofontes\sementes\venv\Lib\site-packages\django\template\loader.py", line 61, in render_to_string
    template = get_template(template_name, using=using)
               ^^^^^^^^^^^^^^^^^^^^^^^^^^^^^^^^^^^^^^^^
  File "C:\Users\thyag\codigofontes\sementes\venv\Lib\site-packages\django\template\loader.py", line 15, in get_template
    return engine.get_template(template_name)
           ^^^^^^^^^^^^^^^^^^^^^^^^^^^^^^^^^^
  File "C:\Users\thyag\codigofontes\sementes\venv\Lib\site-packages\django\template\backends\django.py", line 79, in get_template
    return Template(self.engine.get_template(template_name), self)
                    ^^^^^^^^^^^^^^^^^^^^^^^^^^^^^^^^^^^^^^^
  File "C:\Users\thyag\codigofontes\sementes\venv\Lib\site-packages\django\template\engine.py", line 177, in get_template
    template, origin = self.find_template(template_name)
                       ^^^^^^^^^^^^^^^^^^^^^^^^^^^^^^^^^
  File "C:\Users\thyag\codigofontes\sementes\venv\Lib\site-packages\django\template\engine.py", line 159, in find_template
    template = loader.get_template(name, skip=skip)
               ^^^^^^^^^^^^^^^^^^^^^^^^^^^^^^^^^^^^
  File "C:\Users\thyag\codigofontes\sementes\venv\Lib\site-packages\django\template\loaders\cached.py", line 57, in get_template
    template = super().get_template(template_name, skip)
               ^^^^^^^^^^^^^^^^^^^^^^^^^^^^^^^^^^^^^^^^^
  File "C:\Users\thyag\codigofontes\sementes\venv\Lib\site-packages\django\template\loaders\base.py", line 28, in get_template
    return Template(
           ^^^^^^^^^
  File "C:\Users\thyag\codigofontes\sementes\venv\Lib\site-packages\django\template\base.py", line 154, in __init__
    self.nodelist = self.compile_nodelist()
                    ^^^^^^^^^^^^^^^^^^^^^^^
  File "C:\Users\thyag\codigofontes\sementes\venv\Lib\site-packages\django\template\base.py", line 196, in compile_nodelist
    nodelist = parser.parse()
               ^^^^^^^^^^^^^^
  File "C:\Users\thyag\codigofontes\sementes\venv\Lib\site-packages\django\template\base.py", line 518, in parse
    raise self.error(token, e)
  File "C:\Users\thyag\codigofontes\sementes\venv\Lib\site-packages\django\template\base.py", line 516, in parse
    compiled_result = compile_func(self, token)
                      ^^^^^^^^^^^^^^^^^^^^^^^^^
  File "C:\Users\thyag\codigofontes\sementes\venv\Lib\site-packages\django\template\loader_tags.py", line 299, in do_extends
    nodelist = parser.parse()
               ^^^^^^^^^^^^^^
  File "C:\Users\thyag\codigofontes\sementes\venv\Lib\site-packages\django\template\base.py", line 518, in parse
    raise self.error(token, e)
  File "C:\Users\thyag\codigofontes\sementes\venv\Lib\site-packages\django\template\base.py", line 516, in parse
    compiled_result = compile_func(self, token)
                      ^^^^^^^^^^^^^^^^^^^^^^^^^
  File "C:\Users\thyag\codigofontes\sementes\venv\Lib\site-packages\django\template\loader_tags.py", line 234, in do_block
    nodelist = parser.parse(("endblock",))
               ^^^^^^^^^^^^^^^^^^^^^^^^^^^
  File "C:\Users\thyag\codigofontes\sementes\venv\Lib\site-packages\django\template\base.py", line 518, in parse
    raise self.error(token, e)
  File "C:\Users\thyag\codigofontes\sementes\venv\Lib\site-packages\django\template\base.py", line 516, in parse
    compiled_result = compile_func(self, token)
                      ^^^^^^^^^^^^^^^^^^^^^^^^^
  File "C:\Users\thyag\codigofontes\sementes\venv\Lib\site-packages\django\template\loader_tags.py", line 234, in do_block
    nodelist = parser.parse(("endblock",))
               ^^^^^^^^^^^^^^^^^^^^^^^^^^^
  File "C:\Users\thyag\codigofontes\sementes\venv\Lib\site-packages\django\template\base.py", line 518, in parse
    raise self.error(token, e)
  File "C:\Users\thyag\codigofontes\sementes\venv\Lib\site-packages\django\template\base.py", line 516, in parse
    compiled_result = compile_func(self, token)
                      ^^^^^^^^^^^^^^^^^^^^^^^^^
  File "C:\Users\thyag\codigofontes\sementes\venv\Lib\site-packages\django\template\loader_tags.py", line 228, in do_block
    raise TemplateSyntaxError(
django.template.exceptions.TemplateSyntaxError: 'block' tag with name 'extra_js' appears more than once
ERROR 2025-12-23 01:03:03,645 log 16996 1008 Internal Server Error: /empenho/
Traceback (most recent call last):
  File "C:\Users\thyag\codigofontes\sementes\venv\Lib\site-packages\django\template\base.py", line 510, in parse
    compile_func = self.tags[command]
                   ~~~~~~~~~^^^^^^^^^
KeyError: 'endblock'

During handling of the above exception, another exception occurred:

Traceback (most recent call last):
  File "C:\Users\thyag\codigofontes\sementes\venv\Lib\site-packages\django\core\handlers\exception.py", line 55, in inner
    response = get_response(request)
               ^^^^^^^^^^^^^^^^^^^^^
  File "C:\Users\thyag\codigofontes\sementes\venv\Lib\site-packages\django\core\handlers\base.py", line 197, in _get_response
    response = wrapped_callback(request, *callback_args, **callback_kwargs)
               ^^^^^^^^^^^^^^^^^^^^^^^^^^^^^^^^^^^^^^^^^^^^^^^^^^^^^^^^^^^^
  File "C:\Users\thyag\codigofontes\sementes\venv\Lib\site-packages\django\contrib\auth\decorators.py", line 59, in _view_wrapper
    return view_func(request, *args, **kwargs)
           ^^^^^^^^^^^^^^^^^^^^^^^^^^^^^^^^^^^
  File "C:\Users\thyag\codigofontes\sementes\sapp\views.py", line 3525, in pagina_rascunho
    return render(request, 'sapp/pagina_rascunho.html', context)
           ^^^^^^^^^^^^^^^^^^^^^^^^^^^^^^^^^^^^^^^^^^^^^^^^^^^^^
  File "C:\Users\thyag\codigofontes\sementes\venv\Lib\site-packages\django\shortcuts.py", line 25, in render
    content = loader.render_to_string(template_name, context, request, using=using)
              ^^^^^^^^^^^^^^^^^^^^^^^^^^^^^^^^^^^^^^^^^^^^^^^^^^^^^^^^^^^^^^^^^^^^^
  File "C:\Users\thyag\codigofontes\sementes\venv\Lib\site-packages\django\template\loader.py", line 61, in render_to_string
    template = get_template(template_name, using=using)
               ^^^^^^^^^^^^^^^^^^^^^^^^^^^^^^^^^^^^^^^^
  File "C:\Users\thyag\codigofontes\sementes\venv\Lib\site-packages\django\template\loader.py", line 15, in get_template
    return engine.get_template(template_name)
           ^^^^^^^^^^^^^^^^^^^^^^^^^^^^^^^^^^
  File "C:\Users\thyag\codigofontes\sementes\venv\Lib\site-packages\django\template\backends\django.py", line 79, in get_template
    return Template(self.engine.get_template(template_name), self)
                    ^^^^^^^^^^^^^^^^^^^^^^^^^^^^^^^^^^^^^^^
  File "C:\Users\thyag\codigofontes\sementes\venv\Lib\site-packages\django\template\engine.py", line 177, in get_template
    template, origin = self.find_template(template_name)
                       ^^^^^^^^^^^^^^^^^^^^^^^^^^^^^^^^^
  File "C:\Users\thyag\codigofontes\sementes\venv\Lib\site-packages\django\template\engine.py", line 159, in find_template
    template = loader.get_template(name, skip=skip)
               ^^^^^^^^^^^^^^^^^^^^^^^^^^^^^^^^^^^^
  File "C:\Users\thyag\codigofontes\sementes\venv\Lib\site-packages\django\template\loaders\cached.py", line 57, in get_template
    template = super().get_template(template_name, skip)
               ^^^^^^^^^^^^^^^^^^^^^^^^^^^^^^^^^^^^^^^^^
  File "C:\Users\thyag\codigofontes\sementes\venv\Lib\site-packages\django\template\loaders\base.py", line 28, in get_template
    return Template(
           ^^^^^^^^^
  File "C:\Users\thyag\codigofontes\sementes\venv\Lib\site-packages\django\template\base.py", line 154, in __init__
    self.nodelist = self.compile_nodelist()
                    ^^^^^^^^^^^^^^^^^^^^^^^
  File "C:\Users\thyag\codigofontes\sementes\venv\Lib\site-packages\django\template\base.py", line 196, in compile_nodelist
    nodelist = parser.parse()
               ^^^^^^^^^^^^^^
  File "C:\Users\thyag\codigofontes\sementes\venv\Lib\site-packages\django\template\base.py", line 518, in parse
    raise self.error(token, e)
  File "C:\Users\thyag\codigofontes\sementes\venv\Lib\site-packages\django\template\base.py", line 516, in parse
    compiled_result = compile_func(self, token)
                      ^^^^^^^^^^^^^^^^^^^^^^^^^
  File "C:\Users\thyag\codigofontes\sementes\venv\Lib\site-packages\django\template\loader_tags.py", line 299, in do_extends
    nodelist = parser.parse()
               ^^^^^^^^^^^^^^
  File "C:\Users\thyag\codigofontes\sementes\venv\Lib\site-packages\django\template\base.py", line 512, in parse
    self.invalid_block_tag(token, command, parse_until)
  File "C:\Users\thyag\codigofontes\sementes\venv\Lib\site-packages\django\template\base.py", line 577, in invalid_block_tag
    raise self.error(
django.template.exceptions.TemplateSyntaxError: Invalid block tag on line 1063: 'endblock'. Did you forget to register or load this tag?
WARNING 2025-12-23 01:04:51,763 log 16996 18132 Not Found: /empenho/excluir/8/
INFO 2025-12-23 01:09:44,892 autoreload 16996 16244 C:\Users\thyag\codigofontes\sementes\sapp\views.py changed, reloading.
INFO 2025-12-23 01:09:49,086 autoreload 7220 10696 Watching for file changes with StatReloader
INFO 2025-12-23 01:15:28,966 autoreload 7220 10696 C:\Users\thyag\codigofontes\sementes\sapp\views.py changed, reloading.
INFO 2025-12-23 01:15:31,858 autoreload 8460 10108 Watching for file changes with StatReloader
WARNING 2025-12-23 01:25:09,579 log 8460 8132 Not Found: /.well-known/appspecific/com.chrome.devtools.json
INFO 2025-12-24 13:49:37,587 autoreload 18856 7680 Watching for file changes with StatReloader
INFO 2025-12-24 13:58:14,337 autoreload 19324 17872 Watching for file changes with StatReloader
INFO 2025-12-24 14:02:52,878 autoreload 19324 17872 C:\Users\thyag\codigofontes\sementes\sapp\views.py changed, reloading.
INFO 2025-12-24 14:02:56,631 autoreload 14880 16116 Watching for file changes with StatReloader
INFO 2025-12-24 14:11:04,555 autoreload 14880 16116 C:\Users\thyag\codigofontes\sementes\sapp\views.py changed, reloading.
INFO 2025-12-24 14:11:07,264 autoreload 12528 7976 Watching for file changes with StatReloader
INFO 2025-12-25 11:19:57,886 autoreload 4160 5264 Watching for file changes with StatReloader
INFO 2025-12-25 11:40:34,241 autoreload 4160 5264 C:\Users\thyag\codigofontes\sementes\sapp\views.py changed, reloading.
INFO 2025-12-25 11:40:38,075 autoreload 15184 3488 Watching for file changes with StatReloader
INFO 2025-12-25 11:44:45,164 autoreload 15184 3488 C:\Users\thyag\codigofontes\sementes\sapp\views.py changed, reloading.
INFO 2025-12-25 11:44:55,813 autoreload 2752 4708 Watching for file changes with StatReloader
WARNING 2025-12-25 12:13:35,753 log 2752 5780 Not Found: /.well-known/appspecific/com.chrome.devtools.json
WARNING 2025-12-25 12:14:29,976 log 2752 5780 Not Found: /.well-known/appspecific/com.chrome.devtools.json
WARNING 2025-12-25 12:14:44,739 log 2752 5780 Not Found: /.well-known/appspecific/com.chrome.devtools.json
WARNING 2025-12-25 12:14:51,121 log 2752 5780 Not Found: /.well-known/appspecific/com.chrome.devtools.json
WARNING 2025-12-25 12:14:58,610 log 2752 5780 Not Found: /.well-known/appspecific/com.chrome.devtools.json
WARNING 2025-12-25 12:15:48,783 log 2752 5780 Not Found: /.well-known/appspecific/com.chrome.devtools.json
WARNING 2025-12-25 12:17:04,723 log 2752 5780 Not Found: /.well-known/appspecific/com.chrome.devtools.json
INFO 2025-12-25 12:23:22,169 autoreload 14116 6740 Watching for file changes with StatReloader
INFO 2025-12-25 16:24:22,758 autoreload 5328 8628 Watching for file changes with StatReloader
INFO 2025-12-25 16:44:30,726 autoreload 5328 8628 C:\Users\thyag\codigofontes\sementes\sapp\views.py changed, reloading.
INFO 2025-12-25 16:44:54,282 autoreload 13600 1124 Watching for file changes with StatReloader
WARNING 2025-12-25 16:53:57,353 log 13600 8432 Not Found: /sapp/api/buscar-dados-lote/
WARNING 2025-12-25 16:54:09,015 log 13600 8432 Not Found: /sapp/api/buscar-dados-lote/
INFO 2025-12-25 16:57:08,890 autoreload 13600 1124 C:\Users\thyag\codigofontes\sementes\sapp\views.py changed, reloading.
INFO 2025-12-25 16:57:12,776 autoreload 2676 9100 Watching for file changes with StatReloader
ERROR 2025-12-25 16:58:19,780 log 2676 10100 Internal Server Error: /estoque/
Traceback (most recent call last):
  File "C:\Users\thyag\codigofontes\sementes\venv\Lib\site-packages\django\core\handlers\exception.py", line 55, in inner
    response = get_response(request)
               ^^^^^^^^^^^^^^^^^^^^^
  File "C:\Users\thyag\codigofontes\sementes\venv\Lib\site-packages\django\core\handlers\base.py", line 197, in _get_response
    response = wrapped_callback(request, *callback_args, **callback_kwargs)
               ^^^^^^^^^^^^^^^^^^^^^^^^^^^^^^^^^^^^^^^^^^^^^^^^^^^^^^^^^^^^
  File "C:\Users\thyag\codigofontes\sementes\venv\Lib\site-packages\django\contrib\auth\decorators.py", line 59, in _view_wrapper
    return view_func(request, *args, **kwargs)
           ^^^^^^^^^^^^^^^^^^^^^^^^^^^^^^^^^^^
  File "C:\Users\thyag\codigofontes\sementes\sapp\views.py", line 2160, in lista_estoque
    return render(request, 'sapp/tabela_estoque.html', context)
           ^^^^^^^^^^^^^^^^^^^^^^^^^^^^^^^^^^^^^^^^^^^^^^^^^^^^
  File "C:\Users\thyag\codigofontes\sementes\venv\Lib\site-packages\django\shortcuts.py", line 25, in render
    content = loader.render_to_string(template_name, context, request, using=using)
              ^^^^^^^^^^^^^^^^^^^^^^^^^^^^^^^^^^^^^^^^^^^^^^^^^^^^^^^^^^^^^^^^^^^^^
  File "C:\Users\thyag\codigofontes\sementes\venv\Lib\site-packages\django\template\loader.py", line 61, in render_to_string
    template = get_template(template_name, using=using)
               ^^^^^^^^^^^^^^^^^^^^^^^^^^^^^^^^^^^^^^^^
  File "C:\Users\thyag\codigofontes\sementes\venv\Lib\site-packages\django\template\loader.py", line 15, in get_template
    return engine.get_template(template_name)
           ^^^^^^^^^^^^^^^^^^^^^^^^^^^^^^^^^^
  File "C:\Users\thyag\codigofontes\sementes\venv\Lib\site-packages\django\template\backends\django.py", line 79, in get_template
    return Template(self.engine.get_template(template_name), self)
                    ^^^^^^^^^^^^^^^^^^^^^^^^^^^^^^^^^^^^^^^
  File "C:\Users\thyag\codigofontes\sementes\venv\Lib\site-packages\django\template\engine.py", line 177, in get_template
    template, origin = self.find_template(template_name)
                       ^^^^^^^^^^^^^^^^^^^^^^^^^^^^^^^^^
  File "C:\Users\thyag\codigofontes\sementes\venv\Lib\site-packages\django\template\engine.py", line 159, in find_template
    template = loader.get_template(name, skip=skip)
               ^^^^^^^^^^^^^^^^^^^^^^^^^^^^^^^^^^^^
  File "C:\Users\thyag\codigofontes\sementes\venv\Lib\site-packages\django\template\loaders\cached.py", line 57, in get_template
    template = super().get_template(template_name, skip)
               ^^^^^^^^^^^^^^^^^^^^^^^^^^^^^^^^^^^^^^^^^
  File "C:\Users\thyag\codigofontes\sementes\venv\Lib\site-packages\django\template\loaders\base.py", line 28, in get_template
    return Template(
           ^^^^^^^^^
  File "C:\Users\thyag\codigofontes\sementes\venv\Lib\site-packages\django\template\base.py", line 154, in __init__
    self.nodelist = self.compile_nodelist()
                    ^^^^^^^^^^^^^^^^^^^^^^^
  File "C:\Users\thyag\codigofontes\sementes\venv\Lib\site-packages\django\template\base.py", line 196, in compile_nodelist
    nodelist = parser.parse()
               ^^^^^^^^^^^^^^
  File "C:\Users\thyag\codigofontes\sementes\venv\Lib\site-packages\django\template\base.py", line 518, in parse
    raise self.error(token, e)
  File "C:\Users\thyag\codigofontes\sementes\venv\Lib\site-packages\django\template\base.py", line 516, in parse
    compiled_result = compile_func(self, token)
                      ^^^^^^^^^^^^^^^^^^^^^^^^^
  File "C:\Users\thyag\codigofontes\sementes\venv\Lib\site-packages\django\template\loader_tags.py", line 299, in do_extends
    nodelist = parser.parse()
               ^^^^^^^^^^^^^^
  File "C:\Users\thyag\codigofontes\sementes\venv\Lib\site-packages\django\template\base.py", line 518, in parse
    raise self.error(token, e)
  File "C:\Users\thyag\codigofontes\sementes\venv\Lib\site-packages\django\template\base.py", line 516, in parse
    compiled_result = compile_func(self, token)
                      ^^^^^^^^^^^^^^^^^^^^^^^^^
  File "C:\Users\thyag\codigofontes\sementes\venv\Lib\site-packages\django\template\loader_tags.py", line 234, in do_block
    nodelist = parser.parse(("endblock",))
               ^^^^^^^^^^^^^^^^^^^^^^^^^^^
  File "C:\Users\thyag\codigofontes\sementes\venv\Lib\site-packages\django\template\base.py", line 518, in parse
    raise self.error(token, e)
  File "C:\Users\thyag\codigofontes\sementes\venv\Lib\site-packages\django\template\base.py", line 516, in parse
    compiled_result = compile_func(self, token)
                      ^^^^^^^^^^^^^^^^^^^^^^^^^
  File "C:\Users\thyag\codigofontes\sementes\venv\Lib\site-packages\django\template\defaulttags.py", line 1418, in url
    raise TemplateSyntaxError(
django.template.exceptions.TemplateSyntaxError: 'url' takes at least one argument, a URL pattern name.
WARNING 2025-12-25 16:58:20,206 log 2676 10100 Not Found: /favicon.ico
INFO 2025-12-25 17:00:28,939 autoreload 2676 9100 C:\Users\thyag\codigofontes\sementes\sapp\urls.py changed, reloading.
INFO 2025-12-25 17:00:30,847 autoreload 7436 9920 Watching for file changes with StatReloader
ERROR 2025-12-25 17:00:36,636 log 7436 3740 Internal Server Error: /estoque/
Traceback (most recent call last):
  File "C:\Users\thyag\codigofontes\sementes\venv\Lib\site-packages\django\core\handlers\exception.py", line 55, in inner
    response = get_response(request)
               ^^^^^^^^^^^^^^^^^^^^^
  File "C:\Users\thyag\codigofontes\sementes\venv\Lib\site-packages\django\core\handlers\base.py", line 197, in _get_response
    response = wrapped_callback(request, *callback_args, **callback_kwargs)
               ^^^^^^^^^^^^^^^^^^^^^^^^^^^^^^^^^^^^^^^^^^^^^^^^^^^^^^^^^^^^
  File "C:\Users\thyag\codigofontes\sementes\venv\Lib\site-packages\django\contrib\auth\decorators.py", line 59, in _view_wrapper
    return view_func(request, *args, **kwargs)
           ^^^^^^^^^^^^^^^^^^^^^^^^^^^^^^^^^^^
  File "C:\Users\thyag\codigofontes\sementes\sapp\views.py", line 2160, in lista_estoque
    return render(request, 'sapp/tabela_estoque.html', context)
           ^^^^^^^^^^^^^^^^^^^^^^^^^^^^^^^^^^^^^^^^^^^^^^^^^^^^
  File "C:\Users\thyag\codigofontes\sementes\venv\Lib\site-packages\django\shortcuts.py", line 25, in render
    content = loader.render_to_string(template_name, context, request, using=using)
              ^^^^^^^^^^^^^^^^^^^^^^^^^^^^^^^^^^^^^^^^^^^^^^^^^^^^^^^^^^^^^^^^^^^^^
  File "C:\Users\thyag\codigofontes\sementes\venv\Lib\site-packages\django\template\loader.py", line 61, in render_to_string
    template = get_template(template_name, using=using)
               ^^^^^^^^^^^^^^^^^^^^^^^^^^^^^^^^^^^^^^^^
  File "C:\Users\thyag\codigofontes\sementes\venv\Lib\site-packages\django\template\loader.py", line 15, in get_template
    return engine.get_template(template_name)
           ^^^^^^^^^^^^^^^^^^^^^^^^^^^^^^^^^^
  File "C:\Users\thyag\codigofontes\sementes\venv\Lib\site-packages\django\template\backends\django.py", line 79, in get_template
    return Template(self.engine.get_template(template_name), self)
                    ^^^^^^^^^^^^^^^^^^^^^^^^^^^^^^^^^^^^^^^
  File "C:\Users\thyag\codigofontes\sementes\venv\Lib\site-packages\django\template\engine.py", line 177, in get_template
    template, origin = self.find_template(template_name)
                       ^^^^^^^^^^^^^^^^^^^^^^^^^^^^^^^^^
  File "C:\Users\thyag\codigofontes\sementes\venv\Lib\site-packages\django\template\engine.py", line 159, in find_template
    template = loader.get_template(name, skip=skip)
               ^^^^^^^^^^^^^^^^^^^^^^^^^^^^^^^^^^^^
  File "C:\Users\thyag\codigofontes\sementes\venv\Lib\site-packages\django\template\loaders\cached.py", line 57, in get_template
    template = super().get_template(template_name, skip)
               ^^^^^^^^^^^^^^^^^^^^^^^^^^^^^^^^^^^^^^^^^
  File "C:\Users\thyag\codigofontes\sementes\venv\Lib\site-packages\django\template\loaders\base.py", line 28, in get_template
    return Template(
           ^^^^^^^^^
  File "C:\Users\thyag\codigofontes\sementes\venv\Lib\site-packages\django\template\base.py", line 154, in __init__
    self.nodelist = self.compile_nodelist()
                    ^^^^^^^^^^^^^^^^^^^^^^^
  File "C:\Users\thyag\codigofontes\sementes\venv\Lib\site-packages\django\template\base.py", line 196, in compile_nodelist
    nodelist = parser.parse()
               ^^^^^^^^^^^^^^
  File "C:\Users\thyag\codigofontes\sementes\venv\Lib\site-packages\django\template\base.py", line 518, in parse
    raise self.error(token, e)
  File "C:\Users\thyag\codigofontes\sementes\venv\Lib\site-packages\django\template\base.py", line 516, in parse
    compiled_result = compile_func(self, token)
                      ^^^^^^^^^^^^^^^^^^^^^^^^^
  File "C:\Users\thyag\codigofontes\sementes\venv\Lib\site-packages\django\template\loader_tags.py", line 299, in do_extends
    nodelist = parser.parse()
               ^^^^^^^^^^^^^^
  File "C:\Users\thyag\codigofontes\sementes\venv\Lib\site-packages\django\template\base.py", line 518, in parse
    raise self.error(token, e)
  File "C:\Users\thyag\codigofontes\sementes\venv\Lib\site-packages\django\template\base.py", line 516, in parse
    compiled_result = compile_func(self, token)
                      ^^^^^^^^^^^^^^^^^^^^^^^^^
  File "C:\Users\thyag\codigofontes\sementes\venv\Lib\site-packages\django\template\loader_tags.py", line 234, in do_block
    nodelist = parser.parse(("endblock",))
               ^^^^^^^^^^^^^^^^^^^^^^^^^^^
  File "C:\Users\thyag\codigofontes\sementes\venv\Lib\site-packages\django\template\base.py", line 518, in parse
    raise self.error(token, e)
  File "C:\Users\thyag\codigofontes\sementes\venv\Lib\site-packages\django\template\base.py", line 516, in parse
    compiled_result = compile_func(self, token)
                      ^^^^^^^^^^^^^^^^^^^^^^^^^
  File "C:\Users\thyag\codigofontes\sementes\venv\Lib\site-packages\django\template\defaulttags.py", line 1418, in url
    raise TemplateSyntaxError(
django.template.exceptions.TemplateSyntaxError: 'url' takes at least one argument, a URL pattern name.
WARNING 2025-12-25 18:24:13,311 log 7436 6968 Not Found: /sapp/api/autocomplete-entrada/
WARNING 2025-12-25 18:24:32,383 log 7436 6968 Not Found: /sapp/api/autocomplete-entrada/
ERROR 2025-12-25 18:30:01,363 log 7436 5444 Internal Server Error: /lista-estoque/
Traceback (most recent call last):
  File "C:\Users\thyag\codigofontes\sementes\venv\Lib\site-packages\django\core\handlers\exception.py", line 55, in inner
    response = get_response(request)
               ^^^^^^^^^^^^^^^^^^^^^
  File "C:\Users\thyag\codigofontes\sementes\venv\Lib\site-packages\django\core\handlers\base.py", line 197, in _get_response
    response = wrapped_callback(request, *callback_args, **callback_kwargs)
               ^^^^^^^^^^^^^^^^^^^^^^^^^^^^^^^^^^^^^^^^^^^^^^^^^^^^^^^^^^^^
  File "C:\Users\thyag\codigofontes\sementes\venv\Lib\site-packages\django\contrib\auth\decorators.py", line 59, in _view_wrapper
    return view_func(request, *args, **kwargs)
           ^^^^^^^^^^^^^^^^^^^^^^^^^^^^^^^^^^^
  File "C:\Users\thyag\codigofontes\sementes\sapp\views.py", line 2160, in lista_estoque
    return render(request, 'sapp/tabela_estoque.html', context)
           ^^^^^^^^^^^^^^^^^^^^^^^^^^^^^^^^^^^^^^^^^^^^^^^^^^^^
  File "C:\Users\thyag\codigofontes\sementes\venv\Lib\site-packages\django\shortcuts.py", line 25, in render
    content = loader.render_to_string(template_name, context, request, using=using)
              ^^^^^^^^^^^^^^^^^^^^^^^^^^^^^^^^^^^^^^^^^^^^^^^^^^^^^^^^^^^^^^^^^^^^^
  File "C:\Users\thyag\codigofontes\sementes\venv\Lib\site-packages\django\template\loader.py", line 62, in render_to_string
    return template.render(context, request)
           ^^^^^^^^^^^^^^^^^^^^^^^^^^^^^^^^^
  File "C:\Users\thyag\codigofontes\sementes\venv\Lib\site-packages\django\template\backends\django.py", line 107, in render
    return self.template.render(context)
           ^^^^^^^^^^^^^^^^^^^^^^^^^^^^^
  File "C:\Users\thyag\codigofontes\sementes\venv\Lib\site-packages\django\template\base.py", line 171, in render
    return self._render(context)
           ^^^^^^^^^^^^^^^^^^^^^
  File "C:\Users\thyag\codigofontes\sementes\venv\Lib\site-packages\django\template\base.py", line 163, in _render
    return self.nodelist.render(context)
           ^^^^^^^^^^^^^^^^^^^^^^^^^^^^^
  File "C:\Users\thyag\codigofontes\sementes\venv\Lib\site-packages\django\template\base.py", line 1016, in render
    return SafeString("".join([node.render_annotated(context) for node in self]))
                               ^^^^^^^^^^^^^^^^^^^^^^^^^^^^^^
  File "C:\Users\thyag\codigofontes\sementes\venv\Lib\site-packages\django\template\base.py", line 977, in render_annotated
    return self.render(context)
           ^^^^^^^^^^^^^^^^^^^^
  File "C:\Users\thyag\codigofontes\sementes\venv\Lib\site-packages\django\template\loader_tags.py", line 159, in render
    return compiled_parent._render(context)
           ^^^^^^^^^^^^^^^^^^^^^^^^^^^^^^^^
  File "C:\Users\thyag\codigofontes\sementes\venv\Lib\site-packages\django\template\base.py", line 163, in _render
    return self.nodelist.render(context)
           ^^^^^^^^^^^^^^^^^^^^^^^^^^^^^
  File "C:\Users\thyag\codigofontes\sementes\venv\Lib\site-packages\django\template\base.py", line 1016, in render
    return SafeString("".join([node.render_annotated(context) for node in self]))
                               ^^^^^^^^^^^^^^^^^^^^^^^^^^^^^^
  File "C:\Users\thyag\codigofontes\sementes\venv\Lib\site-packages\django\template\base.py", line 977, in render_annotated
    return self.render(context)
           ^^^^^^^^^^^^^^^^^^^^
  File "C:\Users\thyag\codigofontes\sementes\venv\Lib\site-packages\django\template\loader_tags.py", line 65, in render
    result = block.nodelist.render(context)
             ^^^^^^^^^^^^^^^^^^^^^^^^^^^^^^
  File "C:\Users\thyag\codigofontes\sementes\venv\Lib\site-packages\django\template\base.py", line 1016, in render
    return SafeString("".join([node.render_annotated(context) for node in self]))
                               ^^^^^^^^^^^^^^^^^^^^^^^^^^^^^^
  File "C:\Users\thyag\codigofontes\sementes\venv\Lib\site-packages\django\template\base.py", line 977, in render_annotated
    return self.render(context)
           ^^^^^^^^^^^^^^^^^^^^
  File "C:\Users\thyag\codigofontes\sementes\venv\Lib\site-packages\django\template\defaulttags.py", line 480, in render
    url = reverse(view_name, args=args, kwargs=kwargs, current_app=current_app)
          ^^^^^^^^^^^^^^^^^^^^^^^^^^^^^^^^^^^^^^^^^^^^^^^^^^^^^^^^^^^^^^^^^^^^^
  File "C:\Users\thyag\codigofontes\sementes\venv\Lib\site-packages\django\urls\base.py", line 98, in reverse
    resolved_url = resolver._reverse_with_prefix(view, prefix, *args, **kwargs)
                   ^^^^^^^^^^^^^^^^^^^^^^^^^^^^^^^^^^^^^^^^^^^^^^^^^^^^^^^^^^^^
  File "C:\Users\thyag\codigofontes\sementes\venv\Lib\site-packages\django\urls\resolvers.py", line 831, in _reverse_with_prefix
    raise NoReverseMatch(msg)
django.urls.exceptions.NoReverseMatch: Reverse for 'api_autocomplete_entrada' not found. 'api_autocomplete_entrada' is not a valid view function or pattern name.
WARNING 2025-12-25 18:30:01,866 log 7436 5444 Not Found: /favicon.ico
INFO 2025-12-25 18:30:44,459 autoreload 7436 9920 C:\Users\thyag\codigofontes\sementes\sapp\views.py changed, reloading.
INFO 2025-12-25 18:30:50,563 autoreload 6900 2084 Watching for file changes with StatReloader
INFO 2025-12-25 18:31:06,099 autoreload 6900 2084 C:\Users\thyag\codigofontes\sementes\sapp\urls.py changed, reloading.
INFO 2025-12-25 18:31:08,829 autoreload 9380 1504 Watching for file changes with StatReloader
ERROR 2025-12-25 18:31:11,591 log 9380 1796 Internal Server Error: /lista-estoque/
Traceback (most recent call last):
  File "C:\Users\thyag\codigofontes\sementes\venv\Lib\site-packages\django\core\handlers\exception.py", line 55, in inner
    response = get_response(request)
               ^^^^^^^^^^^^^^^^^^^^^
  File "C:\Users\thyag\codigofontes\sementes\venv\Lib\site-packages\django\core\handlers\base.py", line 197, in _get_response
    response = wrapped_callback(request, *callback_args, **callback_kwargs)
               ^^^^^^^^^^^^^^^^^^^^^^^^^^^^^^^^^^^^^^^^^^^^^^^^^^^^^^^^^^^^
  File "C:\Users\thyag\codigofontes\sementes\venv\Lib\site-packages\django\contrib\auth\decorators.py", line 59, in _view_wrapper
    return view_func(request, *args, **kwargs)
           ^^^^^^^^^^^^^^^^^^^^^^^^^^^^^^^^^^^
  File "C:\Users\thyag\codigofontes\sementes\sapp\views.py", line 2160, in lista_estoque
    return render(request, 'sapp/tabela_estoque.html', context)
           ^^^^^^^^^^^^^^^^^^^^^^^^^^^^^^^^^^^^^^^^^^^^^^^^^^^^
  File "C:\Users\thyag\codigofontes\sementes\venv\Lib\site-packages\django\shortcuts.py", line 25, in render
    content = loader.render_to_string(template_name, context, request, using=using)
              ^^^^^^^^^^^^^^^^^^^^^^^^^^^^^^^^^^^^^^^^^^^^^^^^^^^^^^^^^^^^^^^^^^^^^
  File "C:\Users\thyag\codigofontes\sementes\venv\Lib\site-packages\django\template\loader.py", line 62, in render_to_string
    return template.render(context, request)
           ^^^^^^^^^^^^^^^^^^^^^^^^^^^^^^^^^
  File "C:\Users\thyag\codigofontes\sementes\venv\Lib\site-packages\django\template\backends\django.py", line 107, in render
    return self.template.render(context)
           ^^^^^^^^^^^^^^^^^^^^^^^^^^^^^
  File "C:\Users\thyag\codigofontes\sementes\venv\Lib\site-packages\django\template\base.py", line 171, in render
    return self._render(context)
           ^^^^^^^^^^^^^^^^^^^^^
  File "C:\Users\thyag\codigofontes\sementes\venv\Lib\site-packages\django\template\base.py", line 163, in _render
    return self.nodelist.render(context)
           ^^^^^^^^^^^^^^^^^^^^^^^^^^^^^
  File "C:\Users\thyag\codigofontes\sementes\venv\Lib\site-packages\django\template\base.py", line 1016, in render
    return SafeString("".join([node.render_annotated(context) for node in self]))
                               ^^^^^^^^^^^^^^^^^^^^^^^^^^^^^^
  File "C:\Users\thyag\codigofontes\sementes\venv\Lib\site-packages\django\template\base.py", line 977, in render_annotated
    return self.render(context)
           ^^^^^^^^^^^^^^^^^^^^
  File "C:\Users\thyag\codigofontes\sementes\venv\Lib\site-packages\django\template\loader_tags.py", line 159, in render
    return compiled_parent._render(context)
           ^^^^^^^^^^^^^^^^^^^^^^^^^^^^^^^^
  File "C:\Users\thyag\codigofontes\sementes\venv\Lib\site-packages\django\template\base.py", line 163, in _render
    return self.nodelist.render(context)
           ^^^^^^^^^^^^^^^^^^^^^^^^^^^^^
  File "C:\Users\thyag\codigofontes\sementes\venv\Lib\site-packages\django\template\base.py", line 1016, in render
    return SafeString("".join([node.render_annotated(context) for node in self]))
                               ^^^^^^^^^^^^^^^^^^^^^^^^^^^^^^
  File "C:\Users\thyag\codigofontes\sementes\venv\Lib\site-packages\django\template\base.py", line 977, in render_annotated
    return self.render(context)
           ^^^^^^^^^^^^^^^^^^^^
  File "C:\Users\thyag\codigofontes\sementes\venv\Lib\site-packages\django\template\loader_tags.py", line 65, in render
    result = block.nodelist.render(context)
             ^^^^^^^^^^^^^^^^^^^^^^^^^^^^^^
  File "C:\Users\thyag\codigofontes\sementes\venv\Lib\site-packages\django\template\base.py", line 1016, in render
    return SafeString("".join([node.render_annotated(context) for node in self]))
                               ^^^^^^^^^^^^^^^^^^^^^^^^^^^^^^
  File "C:\Users\thyag\codigofontes\sementes\venv\Lib\site-packages\django\template\base.py", line 977, in render_annotated
    return self.render(context)
           ^^^^^^^^^^^^^^^^^^^^
  File "C:\Users\thyag\codigofontes\sementes\venv\Lib\site-packages\django\template\defaulttags.py", line 480, in render
    url = reverse(view_name, args=args, kwargs=kwargs, current_app=current_app)
          ^^^^^^^^^^^^^^^^^^^^^^^^^^^^^^^^^^^^^^^^^^^^^^^^^^^^^^^^^^^^^^^^^^^^^
  File "C:\Users\thyag\codigofontes\sementes\venv\Lib\site-packages\django\urls\base.py", line 98, in reverse
    resolved_url = resolver._reverse_with_prefix(view, prefix, *args, **kwargs)
                   ^^^^^^^^^^^^^^^^^^^^^^^^^^^^^^^^^^^^^^^^^^^^^^^^^^^^^^^^^^^^
  File "C:\Users\thyag\codigofontes\sementes\venv\Lib\site-packages\django\urls\resolvers.py", line 831, in _reverse_with_prefix
    raise NoReverseMatch(msg)
django.urls.exceptions.NoReverseMatch: Reverse for 'api_autocomplete_entrada' not found. 'api_autocomplete_entrada' is not a valid view function or pattern name.
INFO 2025-12-25 18:31:49,901 autoreload 9380 1504 C:\Users\thyag\codigofontes\sementes\sapp\urls.py changed, reloading.
INFO 2025-12-25 18:31:52,245 autoreload 12000 5448 Watching for file changes with StatReloader
