INFO 2025-12-22 00:27:46,159 autoreload 14632 1292 Watching for file changes with StatReloader
INFO 2025-12-22 00:30:26,694 autoreload 14632 1292 C:\Users\thyag\codigofontes\sementes\sementes\settings.py changed, reloading.
INFO 2025-12-22 00:30:28,571 autoreload 18028 13948 Watching for file changes with StatReloader
INFO 2025-12-22 00:32:05,708 autoreload 18028 13948 C:\Users\thyag\codigofontes\sementes\sementes\settings.py changed, reloading.
INFO 2025-12-22 00:32:08,366 autoreload 6824 12632 Watching for file changes with StatReloader
INFO 2025-12-22 00:32:31,434 autoreload 16756 19444 Watching for file changes with StatReloader
INFO 2025-12-22 00:32:55,169 autoreload 16756 19444 C:\Users\thyag\codigofontes\sementes\sementes\settings.py changed, reloading.
INFO 2025-12-22 00:32:56,908 autoreload 13828 17448 Watching for file changes with StatReloader
INFO 2025-12-22 00:33:13,485 autoreload 16000 10440 Watching for file changes with StatReloader
INFO 2025-12-22 20:04:57,522 autoreload 17736 15328 Watching for file changes with StatReloader
INFO 2025-12-22 20:07:20,878 autoreload 17336 13448 Watching for file changes with StatReloader
INFO 2025-12-22 20:17:01,105 autoreload 17336 13448 C:\Users\thyag\codigofontes\sementes\sementes\settings.py changed, reloading.
INFO 2025-12-22 20:17:03,033 autoreload 17224 10280 Watching for file changes with StatReloader
ERROR 2025-12-22 20:17:25,512 log 17224 9796 Internal Server Error: /
Traceback (most recent call last):
  File "C:\Users\thyag\codigofontes\sementes\venv\Lib\site-packages\django\contrib\sessions\backends\base.py", line 244, in _get_session
    return self._session_cache
           ^^^^^^^^^^^^^^^^^^^
AttributeError: 'SessionStore' object has no attribute '_session_cache'

During handling of the above exception, another exception occurred:

Traceback (most recent call last):
  File "C:\Users\thyag\codigofontes\sementes\venv\Lib\site-packages\django\db\backends\utils.py", line 105, in _execute
    return self.cursor.execute(sql, params)
           ^^^^^^^^^^^^^^^^^^^^^^^^^^^^^^^^
psycopg2.errors.UndefinedTable: ERRO:  relação "django_session" não existe
LINE 1: ...ession_data", "django_session"."expire_date" FROM "django_se...
                                                             ^


The above exception was the direct cause of the following exception:

Traceback (most recent call last):
  File "C:\Users\thyag\codigofontes\sementes\venv\Lib\site-packages\django\core\handlers\exception.py", line 55, in inner
    response = get_response(request)
               ^^^^^^^^^^^^^^^^^^^^^
  File "C:\Users\thyag\codigofontes\sementes\sapp\middleware.py", line 16, in __call__
    if request.user.is_authenticated:
       ^^^^^^^^^^^^^^^^^^^^^^^^^^^^^
  File "C:\Users\thyag\codigofontes\sementes\venv\Lib\site-packages\django\utils\functional.py", line 251, in inner
    self._setup()
  File "C:\Users\thyag\codigofontes\sementes\venv\Lib\site-packages\django\utils\functional.py", line 404, in _setup
    self._wrapped = self._setupfunc()
                    ^^^^^^^^^^^^^^^^^
  File "C:\Users\thyag\codigofontes\sementes\venv\Lib\site-packages\django\contrib\auth\middleware.py", line 39, in <lambda>
    request.user = SimpleLazyObject(lambda: get_user(request))
                                            ^^^^^^^^^^^^^^^^^
  File "C:\Users\thyag\codigofontes\sementes\venv\Lib\site-packages\django\contrib\auth\middleware.py", line 19, in get_user
    request._cached_user = auth.get_user(request)
                           ^^^^^^^^^^^^^^^^^^^^^^
  File "C:\Users\thyag\codigofontes\sementes\venv\Lib\site-packages\django\contrib\auth\__init__.py", line 304, in get_user
    user_id = _get_user_session_key(request)
              ^^^^^^^^^^^^^^^^^^^^^^^^^^^^^^
  File "C:\Users\thyag\codigofontes\sementes\venv\Lib\site-packages\django\contrib\auth\__init__.py", line 95, in _get_user_session_key
    return get_user_model()._meta.pk.to_python(request.session[SESSION_KEY])
                                               ~~~~~~~~~~~~~~~^^^^^^^^^^^^^
  File "C:\Users\thyag\codigofontes\sementes\venv\Lib\site-packages\django\contrib\sessions\backends\base.py", line 55, in __getitem__
    return self._session[key]
           ^^^^^^^^^^^^^
  File "C:\Users\thyag\codigofontes\sementes\venv\Lib\site-packages\django\contrib\sessions\backends\base.py", line 249, in _get_session
    self._session_cache = self.load()
                          ^^^^^^^^^^^
  File "C:\Users\thyag\codigofontes\sementes\venv\Lib\site-packages\django\contrib\sessions\backends\db.py", line 55, in load
    s = self._get_session_from_db()
        ^^^^^^^^^^^^^^^^^^^^^^^^^^^
  File "C:\Users\thyag\codigofontes\sementes\venv\Lib\site-packages\django\contrib\sessions\backends\db.py", line 34, in _get_session_from_db
    return self.model.objects.get(
           ^^^^^^^^^^^^^^^^^^^^^^^
  File "C:\Users\thyag\codigofontes\sementes\venv\Lib\site-packages\django\db\models\manager.py", line 87, in manager_method
    return getattr(self.get_queryset(), name)(*args, **kwargs)
           ^^^^^^^^^^^^^^^^^^^^^^^^^^^^^^^^^^^^^^^^^^^^^^^^^^^
  File "C:\Users\thyag\codigofontes\sementes\venv\Lib\site-packages\django\db\models\query.py", line 629, in get
    num = len(clone)
          ^^^^^^^^^^
  File "C:\Users\thyag\codigofontes\sementes\venv\Lib\site-packages\django\db\models\query.py", line 366, in __len__
    self._fetch_all()
  File "C:\Users\thyag\codigofontes\sementes\venv\Lib\site-packages\django\db\models\query.py", line 1935, in _fetch_all
    self._result_cache = list(self._iterable_class(self))
                         ^^^^^^^^^^^^^^^^^^^^^^^^^^^^^^^^
  File "C:\Users\thyag\codigofontes\sementes\venv\Lib\site-packages\django\db\models\query.py", line 91, in __iter__
    results = compiler.execute_sql(
              ^^^^^^^^^^^^^^^^^^^^^
  File "C:\Users\thyag\codigofontes\sementes\venv\Lib\site-packages\django\db\models\sql\compiler.py", line 1622, in execute_sql
    cursor.execute(sql, params)
  File "C:\Users\thyag\codigofontes\sementes\venv\Lib\site-packages\django\db\backends\utils.py", line 122, in execute
    return super().execute(sql, params)
           ^^^^^^^^^^^^^^^^^^^^^^^^^^^^
  File "C:\Users\thyag\codigofontes\sementes\venv\Lib\site-packages\django\db\backends\utils.py", line 79, in execute
    return self._execute_with_wrappers(
           ^^^^^^^^^^^^^^^^^^^^^^^^^^^^
  File "C:\Users\thyag\codigofontes\sementes\venv\Lib\site-packages\django\db\backends\utils.py", line 92, in _execute_with_wrappers
    return executor(sql, params, many, context)
           ^^^^^^^^^^^^^^^^^^^^^^^^^^^^^^^^^^^^
  File "C:\Users\thyag\codigofontes\sementes\venv\Lib\site-packages\django\db\backends\utils.py", line 100, in _execute
    with self.db.wrap_database_errors:
         ^^^^^^^^^^^^^^^^^^^^^^^^^^^^
  File "C:\Users\thyag\codigofontes\sementes\venv\Lib\site-packages\django\db\utils.py", line 91, in __exit__
    raise dj_exc_value.with_traceback(traceback) from exc_value
  File "C:\Users\thyag\codigofontes\sementes\venv\Lib\site-packages\django\db\backends\utils.py", line 105, in _execute
    return self.cursor.execute(sql, params)
           ^^^^^^^^^^^^^^^^^^^^^^^^^^^^^^^^
django.db.utils.ProgrammingError: ERRO:  relação "django_session" não existe
LINE 1: ...ession_data", "django_session"."expire_date" FROM "django_se...
                                                             ^

ERROR 2025-12-22 20:17:25,750 log 17224 9796 Internal Server Error: /
Traceback (most recent call last):
  File "C:\Users\thyag\codigofontes\sementes\venv\Lib\site-packages\django\contrib\sessions\backends\base.py", line 244, in _get_session
    return self._session_cache
           ^^^^^^^^^^^^^^^^^^^
AttributeError: 'SessionStore' object has no attribute '_session_cache'

During handling of the above exception, another exception occurred:

Traceback (most recent call last):
  File "C:\Users\thyag\codigofontes\sementes\venv\Lib\site-packages\django\db\backends\utils.py", line 105, in _execute
    return self.cursor.execute(sql, params)
           ^^^^^^^^^^^^^^^^^^^^^^^^^^^^^^^^
psycopg2.errors.UndefinedTable: ERRO:  relação "django_session" não existe
LINE 1: ...ession_data", "django_session"."expire_date" FROM "django_se...
                                                             ^


The above exception was the direct cause of the following exception:

Traceback (most recent call last):
  File "C:\Users\thyag\codigofontes\sementes\venv\Lib\site-packages\django\core\handlers\exception.py", line 55, in inner
    response = get_response(request)
               ^^^^^^^^^^^^^^^^^^^^^
  File "C:\Users\thyag\codigofontes\sementes\venv\Lib\site-packages\django\utils\deprecation.py", line 122, in __call__
    response = self.process_response(request, response)
               ^^^^^^^^^^^^^^^^^^^^^^^^^^^^^^^^^^^^^^^^
  File "C:\Users\thyag\codigofontes\sementes\venv\Lib\site-packages\django\contrib\sessions\middleware.py", line 48, in process_response
    if request.session.get_expire_at_browser_close():
       ^^^^^^^^^^^^^^^^^^^^^^^^^^^^^^^^^^^^^^^^^^^^^
  File "C:\Users\thyag\codigofontes\sementes\venv\Lib\site-packages\django\contrib\sessions\backends\base.py", line 403, in get_expire_at_browser_close
    if (expiry := self.get("_session_expiry")) is None:
                  ^^^^^^^^^^^^^^^^^^^^^^^^^^^
  File "C:\Users\thyag\codigofontes\sementes\venv\Lib\site-packages\django\contrib\sessions\backends\base.py", line 74, in get
    return self._session.get(key, default)
           ^^^^^^^^^^^^^
  File "C:\Users\thyag\codigofontes\sementes\venv\Lib\site-packages\django\contrib\sessions\backends\base.py", line 249, in _get_session
    self._session_cache = self.load()
                          ^^^^^^^^^^^
  File "C:\Users\thyag\codigofontes\sementes\venv\Lib\site-packages\django\contrib\sessions\backends\db.py", line 55, in load
    s = self._get_session_from_db()
        ^^^^^^^^^^^^^^^^^^^^^^^^^^^
  File "C:\Users\thyag\codigofontes\sementes\venv\Lib\site-packages\django\contrib\sessions\backends\db.py", line 34, in _get_session_from_db
    return self.model.objects.get(
           ^^^^^^^^^^^^^^^^^^^^^^^
  File "C:\Users\thyag\codigofontes\sementes\venv\Lib\site-packages\django\db\models\manager.py", line 87, in manager_method
    return getattr(self.get_queryset(), name)(*args, **kwargs)
           ^^^^^^^^^^^^^^^^^^^^^^^^^^^^^^^^^^^^^^^^^^^^^^^^^^^
  File "C:\Users\thyag\codigofontes\sementes\venv\Lib\site-packages\django\db\models\query.py", line 629, in get
    num = len(clone)
          ^^^^^^^^^^
  File "C:\Users\thyag\codigofontes\sementes\venv\Lib\site-packages\django\db\models\query.py", line 366, in __len__
    self._fetch_all()
  File "C:\Users\thyag\codigofontes\sementes\venv\Lib\site-packages\django\db\models\query.py", line 1935, in _fetch_all
    self._result_cache = list(self._iterable_class(self))
                         ^^^^^^^^^^^^^^^^^^^^^^^^^^^^^^^^
  File "C:\Users\thyag\codigofontes\sementes\venv\Lib\site-packages\django\db\models\query.py", line 91, in __iter__
    results = compiler.execute_sql(
              ^^^^^^^^^^^^^^^^^^^^^
  File "C:\Users\thyag\codigofontes\sementes\venv\Lib\site-packages\django\db\models\sql\compiler.py", line 1622, in execute_sql
    cursor.execute(sql, params)
  File "C:\Users\thyag\codigofontes\sementes\venv\Lib\site-packages\django\db\backends\utils.py", line 122, in execute
    return super().execute(sql, params)
           ^^^^^^^^^^^^^^^^^^^^^^^^^^^^
  File "C:\Users\thyag\codigofontes\sementes\venv\Lib\site-packages\django\db\backends\utils.py", line 79, in execute
    return self._execute_with_wrappers(
           ^^^^^^^^^^^^^^^^^^^^^^^^^^^^
  File "C:\Users\thyag\codigofontes\sementes\venv\Lib\site-packages\django\db\backends\utils.py", line 92, in _execute_with_wrappers
    return executor(sql, params, many, context)
           ^^^^^^^^^^^^^^^^^^^^^^^^^^^^^^^^^^^^
  File "C:\Users\thyag\codigofontes\sementes\venv\Lib\site-packages\django\db\backends\utils.py", line 100, in _execute
    with self.db.wrap_database_errors:
         ^^^^^^^^^^^^^^^^^^^^^^^^^^^^
  File "C:\Users\thyag\codigofontes\sementes\venv\Lib\site-packages\django\db\utils.py", line 91, in __exit__
    raise dj_exc_value.with_traceback(traceback) from exc_value
  File "C:\Users\thyag\codigofontes\sementes\venv\Lib\site-packages\django\db\backends\utils.py", line 105, in _execute
    return self.cursor.execute(sql, params)
           ^^^^^^^^^^^^^^^^^^^^^^^^^^^^^^^^
django.db.utils.ProgrammingError: ERRO:  relação "django_session" não existe
LINE 1: ...ession_data", "django_session"."expire_date" FROM "django_se...
                                                             ^

INFO 2025-12-22 20:20:09,347 autoreload 17424 12824 Watching for file changes with StatReloader
WARNING 2025-12-22 20:25:41,850 log 17424 13516 Not Found: /.well-known/appspecific/com.chrome.devtools.json
INFO 2025-12-22 20:31:17,615 autoreload 17424 12824 C:\Users\thyag\codigofontes\sementes\sapp\models.py changed, reloading.
INFO 2025-12-22 20:31:21,007 autoreload 4712 11456 Watching for file changes with StatReloader
INFO 2025-12-22 20:32:29,286 autoreload 4712 11456 C:\Users\thyag\codigofontes\sementes\sapp\forms.py changed, reloading.
INFO 2025-12-22 20:32:33,711 autoreload 11636 14752 Watching for file changes with StatReloader
INFO 2025-12-22 20:33:13,144 autoreload 11636 14752 C:\Users\thyag\codigofontes\sementes\sapp\views.py changed, reloading.
INFO 2025-12-22 20:33:16,620 autoreload 18872 16140 Watching for file changes with StatReloader
INFO 2025-12-22 20:40:31,688 autoreload 18332 16528 Watching for file changes with StatReloader
INFO 2025-12-22 21:15:51,461 autoreload 2248 17108 Watching for file changes with StatReloader
INFO 2025-12-22 21:23:06,113 autoreload 2248 17108 C:\Users\thyag\codigofontes\sementes\sapp\views.py changed, reloading.
INFO 2025-12-22 21:23:09,674 autoreload 15824 19128 Watching for file changes with StatReloader
INFO 2025-12-22 21:24:16,342 autoreload 15824 19128 C:\Users\thyag\codigofontes\sementes\sapp\views.py changed, reloading.
INFO 2025-12-22 21:24:18,287 autoreload 14700 3916 Watching for file changes with StatReloader
INFO 2025-12-22 21:36:00,272 autoreload 14700 3916 C:\Users\thyag\codigofontes\sementes\sapp\views.py changed, reloading.
INFO 2025-12-22 21:36:02,982 autoreload 11820 12392 Watching for file changes with StatReloader
INFO 2025-12-22 21:36:12,343 autoreload 11820 12392 C:\Users\thyag\codigofontes\sementes\sapp\views.py changed, reloading.
INFO 2025-12-22 21:36:14,894 autoreload 13448 12372 Watching for file changes with StatReloader
WARNING 2025-12-22 21:52:44,636 log 13448 5952 Not Found: /.well-known/appspecific/com.chrome.devtools.json
WARNING 2025-12-22 21:52:53,629 log 13448 5952 Not Found: /.well-known/appspecific/com.chrome.devtools.json
WARNING 2025-12-22 21:52:56,940 log 13448 5952 Not Found: /.well-known/appspecific/com.chrome.devtools.json
WARNING 2025-12-22 21:53:35,265 log 13448 5952 Not Found: /.well-known/appspecific/com.chrome.devtools.json
WARNING 2025-12-22 21:53:54,945 log 13448 5952 Not Found: /.well-known/appspecific/com.chrome.devtools.json
WARNING 2025-12-22 22:33:54,058 log 13448 12432 Not Found: /.well-known/appspecific/com.chrome.devtools.json
WARNING 2025-12-22 22:34:26,709 log 13448 12432 Not Found: /.well-known/appspecific/com.chrome.devtools.json
WARNING 2025-12-22 22:34:41,120 log 13448 12432 Not Found: /.well-known/appspecific/com.chrome.devtools.json
WARNING 2025-12-22 22:48:24,733 log 13448 17056 Not Found: /.well-known/appspecific/com.chrome.devtools.json
WARNING 2025-12-22 22:48:29,925 log 13448 13344 Not Found: /.well-known/appspecific/com.chrome.devtools.json
WARNING 2025-12-22 22:48:32,767 log 13448 5552 Not Found: /.well-known/appspecific/com.chrome.devtools.json
WARNING 2025-12-22 22:48:57,956 log 13448 5552 Not Found: /.well-known/appspecific/com.chrome.devtools.json
WARNING 2025-12-22 22:49:10,547 log 13448 5552 Not Found: /.well-known/appspecific/com.chrome.devtools.json
WARNING 2025-12-22 22:54:49,985 log 13448 5552 Not Found: /.well-known/appspecific/com.chrome.devtools.json
ERROR 2025-12-22 23:00:45,517 log 13448 12396 Internal Server Error: /historico-geral/
Traceback (most recent call last):
  File "C:\Users\thyag\codigofontes\sementes\venv\Lib\site-packages\django\template\backends\django.py", line 107, in render
    return self.template.render(context)
           ^^^^^^^^^^^^^^^^^^^^^^^^^^^^^
  File "C:\Users\thyag\codigofontes\sementes\venv\Lib\site-packages\django\template\base.py", line 171, in render
    return self._render(context)
           ^^^^^^^^^^^^^^^^^^^^^
  File "C:\Users\thyag\codigofontes\sementes\venv\Lib\site-packages\django\template\base.py", line 163, in _render
    return self.nodelist.render(context)
           ^^^^^^^^^^^^^^^^^^^^^^^^^^^^^
  File "C:\Users\thyag\codigofontes\sementes\venv\Lib\site-packages\django\template\base.py", line 1016, in render
    return SafeString("".join([node.render_annotated(context) for node in self]))
                               ^^^^^^^^^^^^^^^^^^^^^^^^^^^^^^
  File "C:\Users\thyag\codigofontes\sementes\venv\Lib\site-packages\django\template\base.py", line 977, in render_annotated
    return self.render(context)
           ^^^^^^^^^^^^^^^^^^^^
  File "C:\Users\thyag\codigofontes\sementes\venv\Lib\site-packages\django\template\loader_tags.py", line 159, in render
    return compiled_parent._render(context)
           ^^^^^^^^^^^^^^^^^^^^^^^^^^^^^^^^
  File "C:\Users\thyag\codigofontes\sementes\venv\Lib\site-packages\django\template\base.py", line 163, in _render
    return self.nodelist.render(context)
           ^^^^^^^^^^^^^^^^^^^^^^^^^^^^^
  File "C:\Users\thyag\codigofontes\sementes\venv\Lib\site-packages\django\template\base.py", line 1016, in render
    return SafeString("".join([node.render_annotated(context) for node in self]))
                               ^^^^^^^^^^^^^^^^^^^^^^^^^^^^^^
  File "C:\Users\thyag\codigofontes\sementes\venv\Lib\site-packages\django\template\base.py", line 977, in render_annotated
    return self.render(context)
           ^^^^^^^^^^^^^^^^^^^^
  File "C:\Users\thyag\codigofontes\sementes\venv\Lib\site-packages\django\template\loader_tags.py", line 134, in render
    compiled_parent = self.get_parent(context)
                      ^^^^^^^^^^^^^^^^^^^^^^^^
  File "C:\Users\thyag\codigofontes\sementes\venv\Lib\site-packages\django\template\loader_tags.py", line 131, in get_parent
    return self.find_template(parent, context)
           ^^^^^^^^^^^^^^^^^^^^^^^^^^^^^^^^^^^
  File "C:\Users\thyag\codigofontes\sementes\venv\Lib\site-packages\django\template\loader_tags.py", line 109, in find_template
    template, origin = context.template.engine.find_template(
                       ^^^^^^^^^^^^^^^^^^^^^^^^^^^^^^^^^^^^^^
  File "C:\Users\thyag\codigofontes\sementes\venv\Lib\site-packages\django\template\engine.py", line 163, in find_template
    raise TemplateDoesNotExist(name, tried=tried)
django.template.exceptions.TemplateDoesNotExist: sapp/base.html

The above exception was the direct cause of the following exception:

Traceback (most recent call last):
  File "C:\Users\thyag\codigofontes\sementes\venv\Lib\site-packages\django\core\handlers\exception.py", line 55, in inner
    response = get_response(request)
               ^^^^^^^^^^^^^^^^^^^^^
  File "C:\Users\thyag\codigofontes\sementes\venv\Lib\site-packages\django\core\handlers\base.py", line 197, in _get_response
    response = wrapped_callback(request, *callback_args, **callback_kwargs)
               ^^^^^^^^^^^^^^^^^^^^^^^^^^^^^^^^^^^^^^^^^^^^^^^^^^^^^^^^^^^^
  File "C:\Users\thyag\codigofontes\sementes\venv\Lib\site-packages\django\contrib\auth\decorators.py", line 59, in _view_wrapper
    return view_func(request, *args, **kwargs)
           ^^^^^^^^^^^^^^^^^^^^^^^^^^^^^^^^^^^
  File "C:\Users\thyag\codigofontes\sementes\sapp\views.py", line 2857, in historico_geral
    return render(request, 'sapp/historico_geral.html', context)
           ^^^^^^^^^^^^^^^^^^^^^^^^^^^^^^^^^^^^^^^^^^^^^^^^^^^^^
  File "C:\Users\thyag\codigofontes\sementes\venv\Lib\site-packages\django\shortcuts.py", line 25, in render
    content = loader.render_to_string(template_name, context, request, using=using)
              ^^^^^^^^^^^^^^^^^^^^^^^^^^^^^^^^^^^^^^^^^^^^^^^^^^^^^^^^^^^^^^^^^^^^^
  File "C:\Users\thyag\codigofontes\sementes\venv\Lib\site-packages\django\template\loader.py", line 62, in render_to_string
    return template.render(context, request)
           ^^^^^^^^^^^^^^^^^^^^^^^^^^^^^^^^^
  File "C:\Users\thyag\codigofontes\sementes\venv\Lib\site-packages\django\template\backends\django.py", line 109, in render
    reraise(exc, self.backend)
  File "C:\Users\thyag\codigofontes\sementes\venv\Lib\site-packages\django\template\backends\django.py", line 130, in reraise
    raise new from exc
django.template.exceptions.TemplateDoesNotExist: sapp/base.html
WARNING 2025-12-22 23:00:45,920 log 13448 12396 Not Found: /favicon.ico
WARNING 2025-12-22 23:01:58,145 log 13448 10880 Not Found: /.well-known/appspecific/com.chrome.devtools.json
WARNING 2025-12-22 23:02:23,942 log 13448 10880 Not Found: /.well-known/appspecific/com.chrome.devtools.json
WARNING 2025-12-22 23:07:22,712 log 13448 10880 Not Found: /.well-known/appspecific/com.chrome.devtools.json
WARNING 2025-12-22 23:07:35,590 log 13448 10880 Not Found: /.well-known/appspecific/com.chrome.devtools.json
WARNING 2025-12-22 23:07:44,076 log 13448 10880 Not Found: /.well-known/appspecific/com.chrome.devtools.json
ERROR 2025-12-22 23:16:47,705 log 13448 3132 Internal Server Error: /exportar-excel/
Traceback (most recent call last):
  File "C:\Users\thyag\codigofontes\sementes\venv\Lib\site-packages\django\core\handlers\exception.py", line 55, in inner
    response = get_response(request)
               ^^^^^^^^^^^^^^^^^^^^^
  File "C:\Users\thyag\codigofontes\sementes\venv\Lib\site-packages\django\core\handlers\base.py", line 197, in _get_response
    response = wrapped_callback(request, *callback_args, **callback_kwargs)
               ^^^^^^^^^^^^^^^^^^^^^^^^^^^^^^^^^^^^^^^^^^^^^^^^^^^^^^^^^^^^
  File "C:\Users\thyag\codigofontes\sementes\sapp\views.py", line 2916, in exportar_excel
    'Lote Anterior': item.lote_anterior or '',
                     ^^^^^^^^^^^^^^^^^^
AttributeError: 'Estoque' object has no attribute 'lote_anterior'
INFO 2025-12-22 23:17:29,061 autoreload 13448 12372 C:\Users\thyag\codigofontes\sementes\sapp\views.py changed, reloading.
INFO 2025-12-22 23:17:31,171 autoreload 13096 8756 Watching for file changes with StatReloader
INFO 2025-12-22 23:24:23,707 autoreload 13096 8756 C:\Users\thyag\codigofontes\sementes\sapp\views.py changed, reloading.
INFO 2025-12-22 23:24:26,335 autoreload 17256 4904 Watching for file changes with StatReloader
INFO 2025-12-22 23:25:08,929 autoreload 17256 4904 C:\Users\thyag\codigofontes\sementes\sapp\views.py changed, reloading.
INFO 2025-12-22 23:25:11,015 autoreload 7184 9040 Watching for file changes with StatReloader
